<?xml version="1.0" encoding="UTF-8" ?>
<testsuite tests="6" failures="0" name="com.hzw.mapper.StudentMapperTest" time="2.179" errors="0" skipped="0">
  <properties>
[...]
</properties>
  <testcase classname="com.hzw.mapper.StudentMapperTest" name="updateStu" time="1.721"/>
  <testcase classname="com.hzw.mapper.StudentMapperTest" name="addStu" time="0.16"/>
  <testcase classname="com.hzw.mapper.StudentMapperTest" name="getAll" time="0.072"/>
  <testcase classname="com.hzw.mapper.StudentMapperTest" name="deleteStu" time="0.095"/>
  <testcase classname="com.hzw.mapper.StudentMapperTest" name="getName" time="0.07"/>
  <testcase classname="com.hzw.mapper.StudentMapperTest" name="getId" time="0.061"/>
</testsuite>