<?xml version="1.0" encoding="UTF-8"?>
<testsuite xmlns:xsi="http://www.w3.org/2001/XMLSchema-instance" xsi:noNamespaceSchemaLocation="https://maven.apache.org/surefire/maven-surefire-plugin/xsd/surefire-test-report.xsd" name="test.GuesbookServiceTest" time="3.202" tests="8" errors="0" skipped="0" failures="0">
  <properties>
[...]
</properties>
  <testcase name="testDeleteVisitor" classname="test.GuesbookServiceTest" time="0.864"/>
  <testcase name="testSelectAuthor" classname="test.GuesbookServiceTest" time="0.147"/>
  <testcase name="testSelectVisitor" classname="test.GuesbookServiceTest" time="0.02"/>
  <testcase name="testUpdateAuthor" classname="test.GuesbookServiceTest" time="0.093"/>
  <testcase name="testDeleteAuthor" classname="test.GuesbookServiceTest" time="0.026"/>
  <testcase name="testUpdateVisitor" classname="test.GuesbookServiceTest" time="0.055"/>
  <testcase name="testInsertAuthor" classname="test.GuesbookServiceTest" time="0.025"/>
  <testcase name="testInsertVisitor" classname="test.GuesbookServiceTest" time="0.051"/>
</testsuite>