<?xml version="1.0" encoding="UTF-8"?>
<testsuite xmlns:xsi="http://www.w3.org/2001/XMLSchema-instance" xsi:noNamespaceSchemaLocation="https://maven.apache.org/surefire/maven-surefire-plugin/xsd/surefire-test-report.xsd" name="org.alien.mybatis.samples.service.impl.AuthorServiceImplTest" time="1.578" tests="6" errors="0" skipped="0" failures="0">
  <properties>
[...]
</properties>
  <testcase name="testGetAllAuthors" classname="org.alien.mybatis.samples.service.impl.AuthorServiceImplTest" time="1.12"/>
  <testcase name="testUpdateAuthor" classname="org.alien.mybatis.samples.service.impl.AuthorServiceImplTest" time="0.057"/>
  <testcase name="testDeleteAuthor" classname="org.alien.mybatis.samples.service.impl.AuthorServiceImplTest" time="0.042"/>
  <testcase name="testGetAuthorById" classname="org.alien.mybatis.samples.service.impl.AuthorServiceImplTest" time="0.099"/>
  <testcase name="testAddAuthor" classname="org.alien.mybatis.samples.service.impl.AuthorServiceImplTest" time="0.072"/>
  <testcase name="getAllAuthorsCount" classname="org.alien.mybatis.samples.service.impl.AuthorServiceImplTest" time="0.113"/>
</testsuite>