<?xml version="1.0" encoding="UTF-8" ?>
<testsuite tests="5" failures="0" name="demo.test.MyBatisTest" time="2.786" errors="0" skipped="0">
  <properties>
[...]
</properties>
  <testcase classname="demo.test.MyBatisTest" name="queryName" time="1.851"/>
  <testcase classname="demo.test.MyBatisTest" name="queryUser" time="0.213"/>
  <testcase classname="demo.test.MyBatisTest" name="addUser" time="0.361"/>
  <testcase classname="demo.test.MyBatisTest" name="updataUser" time="0.221"/>
  <testcase classname="demo.test.MyBatisTest" name="deleteUser" time="0.14"/>
</testsuite>