<?xml version="1.0" encoding="UTF-8"?>
<testsuite xmlns:xsi="http://www.w3.org/2001/XMLSchema-instance" xsi:noNamespaceSchemaLocation="https://maven.apache.org/surefire/maven-surefire-plugin/xsd/surefire-test-report.xsd" name="cn.wp.dao.ContactTest" time="1.102" tests="3" errors="0" skipped="0" failures="0">
  <properties>
[...]
</properties>
  <testcase name="testDeleteContact" classname="cn.wp.dao.ContactTest" time="0.866"/>
  <testcase name="testQueryContactById" classname="cn.wp.dao.ContactTest" time="0.086"/>
  <testcase name="testQueryContactByName" classname="cn.wp.dao.ContactTest" time="0.074"/>
</testsuite>