<?xml version="1.0" encoding="UTF-8" ?>
<testsuite tests="5" failures="2" name="cc.myhome.mybatis.Test2MybatisMapper" time="0.423" errors="2" skipped="0">
  <properties>
[...]
</properties>
  <testcase classname="cc.myhome.mybatis.Test2MybatisMapper" name="testSelectAll" time="0.35">
    <failure message="expected:&lt;12&gt; but was:&lt;11&gt;" type="java.lang.AssertionError">java.lang.AssertionError: expected:&lt;12&gt; but was:&lt;11&gt;
	at org.junit.Assert.fail(Assert.java:88)
	at org.junit.Assert.failNotEquals(Assert.java:834)
	at org.junit.Assert.assertEquals(Assert.java:645)
	at org.junit.Assert.assertEquals(Assert.java:631)
	at cc.myhome.mybatis.Test2MybatisMapper.testSelectAll(Test2MybatisMapper.java:149)
	at sun.reflect.NativeMethodAccessorImpl.invoke0(Native Method)
	at sun.reflect.NativeMethodAccessorImpl.invoke(NativeMethodAccessorImpl.java:62)
	at sun.reflect.DelegatingMethodAccessorImpl.invoke(DelegatingMethodAccessorImpl.java:43)
	at java.lang.reflect.Method.invoke(Method.java:498)
	at org.junit.runners.model.FrameworkMethod$1.runReflectiveCall(FrameworkMethod.java:50)
	at org.junit.internal.runners.model.ReflectiveCallable.run(ReflectiveCallable.java:12)
	at org.junit.runners.model.FrameworkMethod.invokeExplosively(FrameworkMethod.java:47)
	at org.junit.internal.runners.statements.InvokeMethod.evaluate(InvokeMethod.java:17)
	at org.springframework.test.context.junit4.statements.RunBeforeTestExecutionCallbacks.evaluate(RunBeforeTestExecutionCallbacks.java:73)
	at org.springframework.test.context.junit4.statements.RunAfterTestExecutionCallbacks.evaluate(RunAfterTestExecutionCallbacks.java:83)
	at org.springframework.test.context.junit4.statements.RunBeforeTestMethodCallbacks.evaluate(RunBeforeTestMethodCallbacks.java:75)
	at org.springframework.test.context.junit4.statements.RunAfterTestMethodCallbacks.evaluate(RunAfterTestMethodCallbacks.java:86)
	at org.springframework.test.context.junit4.statements.SpringRepeat.evaluate(SpringRepeat.java:84)
	at org.junit.runners.ParentRunner.runLeaf(ParentRunner.java:325)
	at org.springframework.test.context.junit4.SpringJUnit4ClassRunner.runChild(SpringJUnit4ClassRunner.java:251)
	at org.springframework.test.context.junit4.SpringJUnit4ClassRunner.runChild(SpringJUnit4ClassRunner.java:97)
	at org.junit.runners.ParentRunner$3.run(ParentRunner.java:290)
	at org.junit.runners.ParentRunner$1.schedule(ParentRunner.java:71)
	at org.junit.runners.ParentRunner.runChildren(ParentRunner.java:288)
	at org.junit.runners.ParentRunner.access$000(ParentRunner.java:58)
	at org.junit.runners.ParentRunner$2.evaluate(ParentRunner.java:268)
	at org.springframework.test.context.junit4.statements.RunBeforeTestClassCallbacks.evaluate(RunBeforeTestClassCallbacks.java:61)
	at org.springframework.test.context.junit4.statements.RunAfterTestClassCallbacks.evaluate(RunAfterTestClassCallbacks.java:70)
	at org.junit.runners.ParentRunner.run(ParentRunner.java:363)
	at org.springframework.test.context.junit4.SpringJUnit4ClassRunner.run(SpringJUnit4ClassRunner.java:190)
	at org.apache.maven.surefire.junit4.JUnit4Provider.execute(JUnit4Provider.java:252)
	at org.apache.maven.surefire.junit4.JUnit4Provider.executeTestSet(JUnit4Provider.java:141)
	at org.apache.maven.surefire.junit4.JUnit4Provider.invoke(JUnit4Provider.java:112)
	at sun.reflect.NativeMethodAccessorImpl.invoke0(Native Method)
	at sun.reflect.NativeMethodAccessorImpl.invoke(NativeMethodAccessorImpl.java:62)
	at sun.reflect.DelegatingMethodAccessorImpl.invoke(DelegatingMethodAccessorImpl.java:43)
	at java.lang.reflect.Method.invoke(Method.java:498)
	at org.apache.maven.surefire.util.ReflectionUtils.invokeMethodWithArray(ReflectionUtils.java:189)
	at org.apache.maven.surefire.booter.ProviderFactory$ProviderProxy.invoke(ProviderFactory.java:165)
	at org.apache.maven.surefire.booter.ProviderFactory.invokeProvider(ProviderFactory.java:85)
	at org.apache.maven.surefire.booter.ForkedBooter.runSuitesInProcess(ForkedBooter.java:115)
	at org.apache.maven.surefire.booter.ForkedBooter.main(ForkedBooter.java:75)
</failure>
    <system-out>16:34:40.746 [main] DEBUG org.springframework.test.context.junit4.SpringJUnit4ClassRunner - SpringJUnit4ClassRunner constructor called with [class cc.myhome.mybatis.Test2MybatisMapper]
16:34:40.754 [main] DEBUG org.springframework.test.context.BootstrapUtils - Instantiating CacheAwareContextLoaderDelegate from class [org.springframework.test.context.cache.DefaultCacheAwareContextLoaderDelegate]
16:34:40.762 [main] DEBUG org.springframework.test.context.BootstrapUtils - Instantiating BootstrapContext using constructor [public org.springframework.test.context.support.DefaultBootstrapContext(java.lang.Class,org.springframework.test.context.CacheAwareContextLoaderDelegate)]
16:34:40.770 [main] DEBUG org.springframework.test.context.BootstrapUtils - Instantiating TestContextBootstrapper for test class [cc.myhome.mybatis.Test2MybatisMapper] from class [org.springframework.test.context.support.DefaultTestContextBootstrapper]
16:34:40.801 [main] DEBUG org.springframework.test.context.support.AbstractDelegatingSmartContextLoader - Delegating to GenericXmlContextLoader to process context configuration [ContextConfigurationAttributes@2892dae4 declaringClass = &apos;cc.myhome.mybatis.Test2MybatisMapper&apos;, classes = &apos;{}&apos;, locations = &apos;{classpath:Spring-Mybatis.xml}&apos;, inheritLocations = true, initializers = &apos;{}&apos;, inheritInitializers = true, name = [null], contextLoaderClass = &apos;org.springframework.test.context.ContextLoader&apos;].
16:34:40.824 [main] DEBUG org.springframework.test.context.support.ActiveProfilesUtils - Could not find an &apos;annotation declaring class&apos; for annotation type [org.springframework.test.context.ActiveProfiles] and class [cc.myhome.mybatis.Test2MybatisMapper]
16:34:40.825 [main] DEBUG org.springframework.test.context.support.DefaultTestContextBootstrapper - @TestExecutionListeners is not present for class [cc.myhome.mybatis.Test2MybatisMapper]: using defaults.
16:34:40.826 [main] INFO  org.springframework.test.context.support.DefaultTestContextBootstrapper - Loaded default TestExecutionListener class names from location [META-INF/spring.factories]: [org.springframework.test.context.web.ServletTestExecutionListener, org.springframework.test.context.support.DirtiesContextBeforeModesTestExecutionListener, org.springframework.test.context.support.DependencyInjectionTestExecutionListener, org.springframework.test.context.support.DirtiesContextTestExecutionListener, org.springframework.test.context.transaction.TransactionalTestExecutionListener, org.springframework.test.context.jdbc.SqlScriptsTestExecutionListener]
16:34:40.830 [main] DEBUG org.springframework.test.context.support.DefaultTestContextBootstrapper - Skipping candidate TestExecutionListener [org.springframework.test.context.web.ServletTestExecutionListener] due to a missing dependency. Specify custom listener classes or make the default listener classes and their required dependencies available. Offending class: [javax/servlet/ServletContext]
16:34:40.841 [main] INFO  org.springframework.test.context.support.DefaultTestContextBootstrapper - Using TestExecutionListeners: [org.springframework.test.context.support.DirtiesContextBeforeModesTestExecutionListener@4a7f959b, org.springframework.test.context.support.DependencyInjectionTestExecutionListener@429bffaa, org.springframework.test.context.support.DirtiesContextTestExecutionListener@5403f35f, org.springframework.test.context.transaction.TransactionalTestExecutionListener@483f6d77, org.springframework.test.context.jdbc.SqlScriptsTestExecutionListener@7e5afaa6]
16:34:40.843 [main] DEBUG org.springframework.test.annotation.ProfileValueUtils - Retrieved @ProfileValueSourceConfiguration [null] for test class [cc.myhome.mybatis.Test2MybatisMapper]
16:34:40.844 [main] DEBUG org.springframework.test.annotation.ProfileValueUtils - Retrieved ProfileValueSource type [class org.springframework.test.annotation.SystemProfileValueSource] for class [cc.myhome.mybatis.Test2MybatisMapper]
16:34:40.845 [main] DEBUG org.springframework.test.annotation.ProfileValueUtils - Retrieved @ProfileValueSourceConfiguration [null] for test class [cc.myhome.mybatis.Test2MybatisMapper]
16:34:40.845 [main] DEBUG org.springframework.test.annotation.ProfileValueUtils - Retrieved ProfileValueSource type [class org.springframework.test.annotation.SystemProfileValueSource] for class [cc.myhome.mybatis.Test2MybatisMapper]
16:34:40.848 [main] DEBUG org.springframework.test.context.support.AbstractDirtiesContextTestExecutionListener - Before test class: context [DefaultTestContext@505fc5a4 testClass = Test2MybatisMapper, testInstance = [null], testMethod = [null], testException = [null], mergedContextConfiguration = [MergedContextConfiguration@5fbdfdcf testClass = Test2MybatisMapper, locations = &apos;{classpath:Spring-Mybatis.xml}&apos;, classes = &apos;{}&apos;, contextInitializerClasses = &apos;[]&apos;, activeProfiles = &apos;{}&apos;, propertySourceLocations = &apos;{}&apos;, propertySourceProperties = &apos;{}&apos;, contextCustomizers = set[[empty]], contextLoader = &apos;org.springframework.test.context.support.DelegatingSmartContextLoader&apos;, parent = [null]], attributes = map[[empty]]], class annotated with @DirtiesContext [false] with mode [null].
16:34:40.849 [main] DEBUG org.springframework.test.annotation.ProfileValueUtils - Retrieved @ProfileValueSourceConfiguration [null] for test class [cc.myhome.mybatis.Test2MybatisMapper]
16:34:40.850 [main] DEBUG org.springframework.test.annotation.ProfileValueUtils - Retrieved ProfileValueSource type [class org.springframework.test.annotation.SystemProfileValueSource] for class [cc.myhome.mybatis.Test2MybatisMapper]
16:34:40.853 [main] DEBUG org.springframework.test.context.support.DependencyInjectionTestExecutionListener - Performing dependency injection for test context [[DefaultTestContext@505fc5a4 testClass = Test2MybatisMapper, testInstance = cc.myhome.mybatis.Test2MybatisMapper@53fdffa1, testMethod = [null], testException = [null], mergedContextConfiguration = [MergedContextConfiguration@5fbdfdcf testClass = Test2MybatisMapper, locations = &apos;{classpath:Spring-Mybatis.xml}&apos;, classes = &apos;{}&apos;, contextInitializerClasses = &apos;[]&apos;, activeProfiles = &apos;{}&apos;, propertySourceLocations = &apos;{}&apos;, propertySourceProperties = &apos;{}&apos;, contextCustomizers = set[[empty]], contextLoader = &apos;org.springframework.test.context.support.DelegatingSmartContextLoader&apos;, parent = [null]], attributes = map[[empty]]]].
16:34:40.856 [main] DEBUG org.springframework.test.context.support.AbstractDelegatingSmartContextLoader - Delegating to GenericXmlContextLoader to load context from [MergedContextConfiguration@5fbdfdcf testClass = Test2MybatisMapper, locations = &apos;{classpath:Spring-Mybatis.xml}&apos;, classes = &apos;{}&apos;, contextInitializerClasses = &apos;[]&apos;, activeProfiles = &apos;{}&apos;, propertySourceLocations = &apos;{}&apos;, propertySourceProperties = &apos;{}&apos;, contextCustomizers = set[[empty]], contextLoader = &apos;org.springframework.test.context.support.DelegatingSmartContextLoader&apos;, parent = [null]].
16:34:40.857 [main] DEBUG org.springframework.test.context.support.AbstractGenericContextLoader - Loading ApplicationContext for merged context configuration [[MergedContextConfiguration@5fbdfdcf testClass = Test2MybatisMapper, locations = &apos;{classpath:Spring-Mybatis.xml}&apos;, classes = &apos;{}&apos;, contextInitializerClasses = &apos;[]&apos;, activeProfiles = &apos;{}&apos;, propertySourceLocations = &apos;{}&apos;, propertySourceProperties = &apos;{}&apos;, contextCustomizers = set[[empty]], contextLoader = &apos;org.springframework.test.context.support.DelegatingSmartContextLoader&apos;, parent = [null]]].
16:34:40.901 [main] DEBUG org.springframework.core.env.StandardEnvironment - Adding PropertySource &apos;systemProperties&apos; with lowest search precedence
16:34:40.902 [main] DEBUG org.springframework.core.env.StandardEnvironment - Adding PropertySource &apos;systemEnvironment&apos; with lowest search precedence
16:34:40.903 [main] DEBUG org.springframework.core.env.StandardEnvironment - Initialized StandardEnvironment with PropertySources [MapPropertySource@445918232 {name=&apos;systemProperties&apos;, properties={java.runtime.name=Java(TM) SE Runtime Environment, sun.boot.library.path=C:\Program Files\JAVA\jdk1.8.0_172\jre\bin, java.vm.version=25.172-b11, java.vm.vendor=Oracle Corporation, java.vendor.url=http://java.oracle.com/, path.separator=;, java.vm.name=Java HotSpot(TM) 64-Bit Server VM, file.encoding.pkg=sun.io, user.country=CN, user.script=, sun.java.launcher=SUN_STANDARD, sun.os.patch.level=Service Pack 1, java.vm.specification.name=Java Virtual Machine Specification, user.dir=E:\MyWorks\MavenProject\Task1, java.runtime.version=1.8.0_172-b11, basedir=E:\MyWorks\MavenProject\Task1, java.awt.graphicsenv=sun.awt.Win32GraphicsEnvironment, java.endorsed.dirs=C:\Program Files\JAVA\jdk1.8.0_172\jre\lib\endorsed, os.arch=amd64, surefire.real.class.path=E:\MyWorks\MavenProject\Task1\target\surefire\surefirebooter1055607004422240218.jar, java.io.tmpdir=C:\Users\WYZ\AppData\Local\Temp\, line.separator=
, java.vm.specification.vendor=Oracle Corporation, user.variant=, os.name=Windows 7, sun.jnu.encoding=GBK, java.library.path=C:\Program Files\JAVA\jdk1.8.0_172\jre\bin;C:\Windows\Sun\Java\bin;C:\Windows\system32;C:\Windows;C:\Program Files (x86)\Common Files\Oracle\Java\javapath;C:\Program Files (x86)\Intel\iCLS Client\;C:\Program Files\Intel\iCLS Client\;C:\Windows\system32;C:\Windows;C:\Windows\System32\Wbem;C:\Windows\System32\WindowsPowerShell\v1.0\;C:\Program Files\Intel\Intel(R) Management Engine Components\DAL;C:\Program Files\Intel\Intel(R) Management Engine Components\IPT;C:\Program Files (x86)\Intel\Intel(R) Management Engine Components\DAL;C:\Program Files (x86)\Intel\Intel(R) Management Engine Components\IPT;C:\Program Files\Intel\WiFi\bin\;C:\Program Files\Common Files\Intel\WirelessCommon\;C:\Program Files (x86)\Intel\OpenCL SDK\2.0\bin\x86;C:\Program Files (x86)\Intel\OpenCL SDK\2.0\bin\x64;C:\Program Files (x86)\NVIDIA Corporation\PhysX\Common;C:\Program Files\MySQL\mysql-5.7.21-winx64\bin;C:\Program Files\JAVA\jdk1.8.0_172\bin;C:\Program Files\Maven\apache-maven-3.5.3\bin;C:\Program Files\Intel\WiFi\bin\;C:\Program Files\Common Files\Intel\WirelessCommon\;., surefire.test.class.path=E:\MyWorks\MavenProject\Task1\target\test-classes;E:\MyWorks\MavenProject\Task1\target\classes;E:\MyWorks\Maven-repository\localRepository\org\springframework\spring-context\5.0.6.RELEASE\spring-context-5.0.6.RELEASE.jar;E:\MyWorks\Maven-repository\localRepository\org\springframework\spring-aop\5.0.6.RELEASE\spring-aop-5.0.6.RELEASE.jar;E:\MyWorks\Maven-repository\localRepository\org\springframework\spring-beans\5.0.6.RELEASE\spring-beans-5.0.6.RELEASE.jar;E:\MyWorks\Maven-repository\localRepository\org\springframework\spring-core\5.0.6.RELEASE\spring-core-5.0.6.RELEASE.jar;E:\MyWorks\Maven-repository\localRepository\org\springframework\spring-jcl\5.0.6.RELEASE\spring-jcl-5.0.6.RELEASE.jar;E:\MyWorks\Maven-repository\localRepository\org\springframework\spring-expression\5.0.6.RELEASE\spring-expression-5.0.6.RELEASE.jar;E:\MyWorks\Maven-repository\localRepository\org\springframework\spring-jdbc\5.0.6.RELEASE\spring-jdbc-5.0.6.RELEASE.jar;E:\MyWorks\Maven-repository\localRepository\org\springframework\spring-tx\5.0.6.RELEASE\spring-tx-5.0.6.RELEASE.jar;E:\MyWorks\Maven-repository\localRepository\org\springframework\spring-test\5.0.6.RELEASE\spring-test-5.0.6.RELEASE.jar;E:\MyWorks\Maven-repository\localRepository\mysql\mysql-connector-java\8.0.11\mysql-connector-java-8.0.11.jar;E:\MyWorks\Maven-repository\localRepository\com\google\protobuf\protobuf-java\2.6.0\protobuf-java-2.6.0.jar;E:\MyWorks\Maven-repository\localRepository\junit\junit\4.12\junit-4.12.jar;E:\MyWorks\Maven-repository\localRepository\org\hamcrest\hamcrest-core\1.3\hamcrest-core-1.3.jar;E:\MyWorks\Maven-repository\localRepository\com\mchange\c3p0\0.9.5.2\c3p0-0.9.5.2.jar;E:\MyWorks\Maven-repository\localRepository\com\mchange\mchange-commons-java\0.2.11\mchange-commons-java-0.2.11.jar;E:\MyWorks\Maven-repository\localRepository\org\mybatis\mybatis\3.4.6\mybatis-3.4.6.jar;E:\MyWorks\Maven-repository\localRepository\org\mybatis\mybatis-spring\1.3.2\mybatis-spring-1.3.2.jar;E:\MyWorks\Maven-repository\localRepository\org\apache\logging\log4j\log4j-api\2.11.0\log4j-api-2.11.0.jar;E:\MyWorks\Maven-repository\localRepository\org\apache\logging\log4j\log4j-core\2.11.0\log4j-core-2.11.0.jar;, java.specification.name=Java Platform API Specification, java.class.version=52.0, sun.management.compiler=HotSpot 64-Bit Tiered Compilers, os.version=6.1, user.home=C:\Users\WYZ, user.timezone=Asia/Shanghai, java.awt.printerjob=sun.awt.windows.WPrinterJob, file.encoding=GBK, java.specification.version=1.8, java.class.path=E:\MyWorks\MavenProject\Task1\target\test-classes;E:\MyWorks\MavenProject\Task1\target\classes;E:\MyWorks\Maven-repository\localRepository\org\springframework\spring-context\5.0.6.RELEASE\spring-context-5.0.6.RELEASE.jar;E:\MyWorks\Maven-repository\localRepository\org\springframework\spring-aop\5.0.6.RELEASE\spring-aop-5.0.6.RELEASE.jar;E:\MyWorks\Maven-repository\localRepository\org\springframework\spring-beans\5.0.6.RELEASE\spring-beans-5.0.6.RELEASE.jar;E:\MyWorks\Maven-repository\localRepository\org\springframework\spring-core\5.0.6.RELEASE\spring-core-5.0.6.RELEASE.jar;E:\MyWorks\Maven-repository\localRepository\org\springframework\spring-jcl\5.0.6.RELEASE\spring-jcl-5.0.6.RELEASE.jar;E:\MyWorks\Maven-repository\localRepository\org\springframework\spring-expression\5.0.6.RELEASE\spring-expression-5.0.6.RELEASE.jar;E:\MyWorks\Maven-repository\localRepository\org\springframework\spring-jdbc\5.0.6.RELEASE\spring-jdbc-5.0.6.RELEASE.jar;E:\MyWorks\Maven-repository\localRepository\org\springframework\spring-tx\5.0.6.RELEASE\spring-tx-5.0.6.RELEASE.jar;E:\MyWorks\Maven-repository\localRepository\org\springframework\spring-test\5.0.6.RELEASE\spring-test-5.0.6.RELEASE.jar;E:\MyWorks\Maven-repository\localRepository\mysql\mysql-connector-java\8.0.11\mysql-connector-java-8.0.11.jar;E:\MyWorks\Maven-repository\localRepository\com\google\protobuf\protobuf-java\2.6.0\protobuf-java-2.6.0.jar;E:\MyWorks\Maven-repository\localRepository\junit\junit\4.12\junit-4.12.jar;E:\MyWorks\Maven-repository\localRepository\org\hamcrest\hamcrest-core\1.3\hamcrest-core-1.3.jar;E:\MyWorks\Maven-repository\localRepository\com\mchange\c3p0\0.9.5.2\c3p0-0.9.5.2.jar;E:\MyWorks\Maven-repository\localRepository\com\mchange\mchange-commons-java\0.2.11\mchange-commons-java-0.2.11.jar;E:\MyWorks\Maven-repository\localRepository\org\mybatis\mybatis\3.4.6\mybatis-3.4.6.jar;E:\MyWorks\Maven-repository\localRepository\org\mybatis\mybatis-spring\1.3.2\mybatis-spring-1.3.2.jar;E:\MyWorks\Maven-repository\localRepository\org\apache\logging\log4j\log4j-api\2.11.0\log4j-api-2.11.0.jar;E:\MyWorks\Maven-repository\localRepository\org\apache\logging\log4j\log4j-core\2.11.0\log4j-core-2.11.0.jar;, user.name=WYZ, java.vm.specification.version=1.8, sun.java.command=E:\MyWorks\MavenProject\Task1\target\surefire\surefirebooter1055607004422240218.jar E:\MyWorks\MavenProject\Task1\target\surefire\surefire3794443680837792512tmp E:\MyWorks\MavenProject\Task1\target\surefire\surefire_06318907246180156439tmp, java.home=C:\Program Files\JAVA\jdk1.8.0_172\jre, sun.arch.data.model=64, user.language=zh, java.specification.vendor=Oracle Corporation, awt.toolkit=sun.awt.windows.WToolkit, java.vm.info=mixed mode, java.version=1.8.0_172, java.ext.dirs=C:\Program Files\JAVA\jdk1.8.0_172\jre\lib\ext;C:\Windows\Sun\Java\lib\ext, sun.boot.class.path=C:\Program Files\JAVA\jdk1.8.0_172\jre\lib\resources.jar;C:\Program Files\JAVA\jdk1.8.0_172\jre\lib\rt.jar;C:\Program Files\JAVA\jdk1.8.0_172\jre\lib\sunrsasign.jar;C:\Program Files\JAVA\jdk1.8.0_172\jre\lib\jsse.jar;C:\Program Files\JAVA\jdk1.8.0_172\jre\lib\jce.jar;C:\Program Files\JAVA\jdk1.8.0_172\jre\lib\charsets.jar;C:\Program Files\JAVA\jdk1.8.0_172\jre\lib\jfr.jar;C:\Program Files\JAVA\jdk1.8.0_172\jre\classes, java.vendor=Oracle Corporation, localRepository=E:\MyWorks\Maven-repository\localRepository, file.separator=\, java.vendor.url.bug=http://bugreport.sun.com/bugreport/, sun.io.unicode.encoding=UnicodeLittle, sun.cpu.endian=little, sun.desktop=windows, sun.cpu.isalist=amd64}}, SystemEnvironmentPropertySource@1436633036 {name=&apos;systemEnvironment&apos;, properties={PATH=C:\Program Files (x86)\Common Files\Oracle\Java\javapath;C:\Program Files (x86)\Intel\iCLS Client\;C:\Program Files\Intel\iCLS Client\;C:\Windows\system32;C:\Windows;C:\Windows\System32\Wbem;C:\Windows\System32\WindowsPowerShell\v1.0\;C:\Program Files\Intel\Intel(R) Management Engine Components\DAL;C:\Program Files\Intel\Intel(R) Management Engine Components\IPT;C:\Program Files (x86)\Intel\Intel(R) Management Engine Components\DAL;C:\Program Files (x86)\Intel\Intel(R) Management Engine Components\IPT;C:\Program Files\Intel\WiFi\bin\;C:\Program Files\Common Files\Intel\WirelessCommon\;C:\Program Files (x86)\Intel\OpenCL SDK\2.0\bin\x86;C:\Program Files (x86)\Intel\OpenCL SDK\2.0\bin\x64;C:\Program Files (x86)\NVIDIA Corporation\PhysX\Common;C:\Program Files\MySQL\mysql-5.7.21-winx64\bin;C:\Program Files\JAVA\jdk1.8.0_172\bin;C:\Program Files\Maven\apache-maven-3.5.3\bin;C:\Program Files\Intel\WiFi\bin\;C:\Program Files\Common Files\Intel\WirelessCommon\, PROCESSOR_LEVEL=6, SYSTEMDRIVE=C:, FP_NO_HOST_CHECK=NO, SESSIONNAME=Console, ALLUSERSPROFILE=C:\ProgramData, PROCESSOR_ARCHITECTURE=AMD64, =E:=E:\MyWorks\MavenProject\Task1, MAVEN_HOME=C:\Program Files\Maven\apache-maven-3.5.3\bin\.., PROGRAMFILES=C:\Program Files, PSMODULEPATH=C:\Windows\system32\WindowsPowerShell\v1.0\Modules\, PROGRAMDATA=C:\ProgramData, USERNAME=WYZ, WDIR=E:\, PATHEXT=.COM;.EXE;.BAT;.CMD;.VBS;.VBE;.JS;.JSE;.WSF;.WSH;.MSC, CLASSWORLDS_JAR=&quot;C:\Program Files\Maven\apache-maven-3.5.3\bin\..\boot\plexus-classworlds-2.5.2.jar&quot;, WINDIR=C:\Windows, HOMEPATH=\Users\WYZ, MYSQL_HOME=C:\Program Files\MySQL\mysql-5.7.21-winx64, PROCESSOR_IDENTIFIER=Intel64 Family 6 Model 58 Stepping 9, GenuineIntel, WINDOWS_TRACING_LOGFILE=C:\BVTBin\Tests\installpackage\csilogfile.log, PUBLIC=C:\Users\Public, =::=::\, =EXITCODE=00000001, LOCALAPPDATA=C:\Users\WYZ\AppData\Local, COMMONPROGRAMFILES(X86)=C:\Program Files (x86)\Common Files, USERDOMAIN=WYZ-PC, LOGONSERVER=\\WYZ-PC, JAVA_HOME=C:\Program Files\JAVA\jdk1.8.0_172, PROMPT=$P$G, PROGRAMFILES(X86)=C:\Program Files (x86), ERROR_CODE=0, EXEC_DIR=E:\MyWorks\MavenProject\Task1, WINDOWS_TRACING_FLAGS=3, =C:=C:\Users\WYZ, APPDATA=C:\Users\WYZ\AppData\Roaming, PROGRAMW6432=C:\Program Files, SYSTEMROOT=C:\Windows, MAVEN_CMD_LINE_ARGS=package, OS=Windows_NT, COMMONPROGRAMW6432=C:\Program Files\Common Files, COMPUTERNAME=WYZ-PC, COMMONPROGRAMFILES=C:\Program Files\Common Files, COMSPEC=C:\Windows\system32\cmd.exe, JAVACMD=C:\Program Files\JAVA\jdk1.8.0_172\bin\java.exe, MAVEN_PROJECTBASEDIR=E:\MyWorks\MavenProject\Task1, PROCESSOR_REVISION=3a09, CLASSWORLDS_LAUNCHER=org.codehaus.plexus.classworlds.launcher.Launcher, TEMP=C:\Users\WYZ\AppData\Local\Temp, HOMEDRIVE=C:, USERPROFILE=C:\Users\WYZ, TMP=C:\Users\WYZ\AppData\Local\Temp, NUMBER_OF_PROCESSORS=8, JVMCONFIG=\.mvn\jvm.config}}]
16:34:40.922 [main] INFO  org.springframework.beans.factory.xml.XmlBeanDefinitionReader - Loading XML bean definitions from class path resource [Spring-Mybatis.xml]
16:34:40.928 [main] DEBUG org.springframework.beans.factory.xml.DefaultDocumentLoader - Using JAXP provider [com.sun.org.apache.xerces.internal.jaxp.DocumentBuilderFactoryImpl]
16:34:40.955 [main] DEBUG org.springframework.beans.factory.xml.PluggableSchemaResolver - Loading schema mappings from [META-INF/spring.schemas]
16:34:40.958 [main] DEBUG org.springframework.beans.factory.xml.PluggableSchemaResolver - Loaded schema mappings: {http://www.springframework.org/schema/tx/spring-tx-4.3.xsd=org/springframework/transaction/config/spring-tx.xsd, http://www.springframework.org/schema/tx/spring-tx-2.5.xsd=org/springframework/transaction/config/spring-tx.xsd, http://www.springframework.org/schema/cache/spring-cache-4.2.xsd=org/springframework/cache/config/spring-cache.xsd, http://www.springframework.org/schema/aop/spring-aop-4.1.xsd=org/springframework/aop/config/spring-aop.xsd, http://www.springframework.org/schema/context/spring-context-3.1.xsd=org/springframework/context/config/spring-context.xsd, http://www.springframework.org/schema/jdbc/spring-jdbc-4.1.xsd=org/springframework/jdbc/config/spring-jdbc.xsd, http://www.springframework.org/schema/util/spring-util-3.0.xsd=org/springframework/beans/factory/xml/spring-util.xsd, http://mybatis.org/schema/mybatis-spring-1.2.xsd=org/mybatis/spring/config/mybatis-spring-1.2.xsd, http://www.springframework.org/schema/tool/spring-tool.xsd=org/springframework/beans/factory/xml/spring-tool.xsd, http://www.springframework.org/schema/aop/spring-aop-3.2.xsd=org/springframework/aop/config/spring-aop.xsd, http://www.springframework.org/schema/lang/spring-lang-4.1.xsd=org/springframework/scripting/config/spring-lang.xsd, http://www.springframework.org/schema/context/spring-context-4.0.xsd=org/springframework/context/config/spring-context.xsd, http://www.springframework.org/schema/beans/spring-beans-4.2.xsd=org/springframework/beans/factory/xml/spring-beans.xsd, http://www.springframework.org/schema/tool/spring-tool-4.1.xsd=org/springframework/beans/factory/xml/spring-tool.xsd, http://www.springframework.org/schema/lang/spring-lang-3.2.xsd=org/springframework/scripting/config/spring-lang.xsd, http://www.springframework.org/schema/cache/spring-cache-3.2.xsd=org/springframework/cache/config/spring-cache.xsd, http://www.springframework.org/schema/jee/spring-jee-4.1.xsd=org/springframework/ejb/config/spring-jee.xsd, http://www.springframework.org/schema/jdbc/spring-jdbc-3.1.xsd=org/springframework/jdbc/config/spring-jdbc.xsd, http://www.springframework.org/schema/util/spring-util-2.0.xsd=org/springframework/beans/factory/xml/spring-util.xsd, http://www.springframework.org/schema/task/spring-task-4.2.xsd=org/springframework/scheduling/config/spring-task.xsd, http://www.springframework.org/schema/tool/spring-tool-3.2.xsd=org/springframework/beans/factory/xml/spring-tool.xsd, http://www.springframework.org/schema/context/spring-context.xsd=org/springframework/context/config/spring-context.xsd, http://www.springframework.org/schema/tx/spring-tx-4.2.xsd=org/springframework/transaction/config/spring-tx.xsd, http://www.springframework.org/schema/cache/spring-cache-4.1.xsd=org/springframework/cache/config/spring-cache.xsd, http://www.springframework.org/schema/aop/spring-aop-4.0.xsd=org/springframework/aop/config/spring-aop.xsd, http://www.springframework.org/schema/jee/spring-jee-3.2.xsd=org/springframework/ejb/config/spring-jee.xsd, http://www.springframework.org/schema/context/spring-context-3.0.xsd=org/springframework/context/config/spring-context.xsd, http://www.springframework.org/schema/jdbc/spring-jdbc-4.0.xsd=org/springframework/jdbc/config/spring-jdbc.xsd, http://www.springframework.org/schema/util/spring-util-4.3.xsd=org/springframework/beans/factory/xml/spring-util.xsd, http://www.springframework.org/schema/util/spring-util-2.5.xsd=org/springframework/beans/factory/xml/spring-util.xsd, http://www.springframework.org/schema/beans/spring-beans-3.2.xsd=org/springframework/beans/factory/xml/spring-beans.xsd, http://www.springframework.org/schema/aop/spring-aop-3.1.xsd=org/springframework/aop/config/spring-aop.xsd, http://www.springframework.org/schema/lang/spring-lang-4.0.xsd=org/springframework/scripting/config/spring-lang.xsd, http://www.springframework.org/schema/beans/spring-beans-4.1.xsd=org/springframework/beans/factory/xml/spring-beans.xsd, http://www.springframework.org/schema/tool/spring-tool-4.0.xsd=org/springframework/beans/factory/xml/spring-tool.xsd, http://www.springframework.org/schema/tx/spring-tx-3.2.xsd=org/springframework/transaction/config/spring-tx.xsd, http://www.springframework.org/schema/lang/spring-lang-3.1.xsd=org/springframework/scripting/config/spring-lang.xsd, http://www.springframework.org/schema/cache/spring-cache-3.1.xsd=org/springframework/cache/config/spring-cache.xsd, http://www.springframework.org/schema/jee/spring-jee-4.0.xsd=org/springframework/ejb/config/spring-jee.xsd, http://www.springframework.org/schema/jdbc/spring-jdbc-3.0.xsd=org/springframework/jdbc/config/spring-jdbc.xsd, http://www.springframework.org/schema/task/spring-task-4.1.xsd=org/springframework/scheduling/config/spring-task.xsd, http://www.springframework.org/schema/jdbc/spring-jdbc.xsd=org/springframework/jdbc/config/spring-jdbc.xsd, http://www.springframework.org/schema/tool/spring-tool-3.1.xsd=org/springframework/beans/factory/xml/spring-tool.xsd, http://www.springframework.org/schema/tx/spring-tx-4.1.xsd=org/springframework/transaction/config/spring-tx.xsd, http://www.springframework.org/schema/cache/spring-cache-4.0.xsd=org/springframework/cache/config/spring-cache.xsd, http://www.springframework.org/schema/jee/spring-jee-3.1.xsd=org/springframework/ejb/config/spring-jee.xsd, http://www.springframework.org/schema/util/spring-util-4.2.xsd=org/springframework/beans/factory/xml/spring-util.xsd, http://www.springframework.org/schema/task/spring-task-3.2.xsd=org/springframework/scheduling/config/spring-task.xsd, http://www.springframework.org/schema/beans/spring-beans-3.1.xsd=org/springframework/beans/factory/xml/spring-beans.xsd, http://www.springframework.org/schema/util/spring-util.xsd=org/springframework/beans/factory/xml/spring-util.xsd, http://www.springframework.org/schema/aop/spring-aop-3.0.xsd=org/springframework/aop/config/spring-aop.xsd, http://www.springframework.org/schema/beans/spring-beans-4.0.xsd=org/springframework/beans/factory/xml/spring-beans.xsd, http://www.springframework.org/schema/beans/spring-beans.xsd=org/springframework/beans/factory/xml/spring-beans.xsd, http://mybatis.org/schema/mybatis-spring.xsd=org/mybatis/spring/config/mybatis-spring-1.2.xsd, http://www.springframework.org/schema/tx/spring-tx-3.1.xsd=org/springframework/transaction/config/spring-tx.xsd, http://www.springframework.org/schema/lang/spring-lang-3.0.xsd=org/springframework/scripting/config/spring-lang.xsd, http://www.springframework.org/schema/context/spring-context-2.5.xsd=org/springframework/context/config/spring-context.xsd, http://www.springframework.org/schema/context/spring-context-4.3.xsd=org/springframework/context/config/spring-context.xsd, http://www.springframework.org/schema/task/spring-task-4.0.xsd=org/springframework/scheduling/config/spring-task.xsd, http://www.springframework.org/schema/tool/spring-tool-3.0.xsd=org/springframework/beans/factory/xml/spring-tool.xsd, http://www.springframework.org/schema/tx/spring-tx-4.0.xsd=org/springframework/transaction/config/spring-tx.xsd, http://www.springframework.org/schema/aop/spring-aop-2.0.xsd=org/springframework/aop/config/spring-aop.xsd, http://www.springframework.org/schema/jee/spring-jee-3.0.xsd=org/springframework/ejb/config/spring-jee.xsd, http://www.springframework.org/schema/util/spring-util-4.1.xsd=org/springframework/beans/factory/xml/spring-util.xsd, http://www.springframework.org/schema/task/spring-task-3.1.xsd=org/springframework/scheduling/config/spring-task.xsd, http://www.springframework.org/schema/beans/spring-beans-3.0.xsd=org/springframework/beans/factory/xml/spring-beans.xsd, http://www.springframework.org/schema/jee/spring-jee.xsd=org/springframework/ejb/config/spring-jee.xsd, http://www.springframework.org/schema/aop/spring-aop-2.5.xsd=org/springframework/aop/config/spring-aop.xsd, http://www.springframework.org/schema/aop/spring-aop-4.3.xsd=org/springframework/aop/config/spring-aop.xsd, http://www.springframework.org/schema/lang/spring-lang-2.0.xsd=org/springframework/scripting/config/spring-lang.xsd, http://www.springframework.org/schema/jdbc/spring-jdbc-4.3.xsd=org/springframework/jdbc/config/spring-jdbc.xsd, http://www.springframework.org/schema/util/spring-util-3.2.xsd=org/springframework/beans/factory/xml/spring-util.xsd, http://www.springframework.org/schema/task/spring-task.xsd=org/springframework/scheduling/config/spring-task.xsd, http://www.springframework.org/schema/tool/spring-tool-2.0.xsd=org/springframework/beans/factory/xml/spring-tool.xsd, http://www.springframework.org/schema/tx/spring-tx-3.0.xsd=org/springframework/transaction/config/spring-tx.xsd, http://www.springframework.org/schema/lang/spring-lang-2.5.xsd=org/springframework/scripting/config/spring-lang.xsd, http://www.springframework.org/schema/lang/spring-lang-4.3.xsd=org/springframework/scripting/config/spring-lang.xsd, http://www.springframework.org/schema/context/spring-context-4.2.xsd=org/springframework/context/config/spring-context.xsd, http://www.springframework.org/schema/jee/spring-jee-2.0.xsd=org/springframework/ejb/config/spring-jee.xsd, http://www.springframework.org/schema/tool/spring-tool-4.3.xsd=org/springframework/beans/factory/xml/spring-tool.xsd, http://www.springframework.org/schema/tool/spring-tool-2.5.xsd=org/springframework/beans/factory/xml/spring-tool.xsd, http://www.springframework.org/schema/jee/spring-jee-4.3.xsd=org/springframework/ejb/config/spring-jee.xsd, http://www.springframework.org/schema/jee/spring-jee-2.5.xsd=org/springframework/ejb/config/spring-jee.xsd, http://www.springframework.org/schema/util/spring-util-4.0.xsd=org/springframework/beans/factory/xml/spring-util.xsd, http://www.springframework.org/schema/task/spring-task-3.0.xsd=org/springframework/scheduling/config/spring-task.xsd, http://www.springframework.org/schema/cache/spring-cache-4.3.xsd=org/springframework/cache/config/spring-cache.xsd, http://www.springframework.org/schema/aop/spring-aop-4.2.xsd=org/springframework/aop/config/spring-aop.xsd, http://www.springframework.org/schema/lang/spring-lang.xsd=org/springframework/scripting/config/spring-lang.xsd, http://www.springframework.org/schema/context/spring-context-3.2.xsd=org/springframework/context/config/spring-context.xsd, http://www.springframework.org/schema/jdbc/spring-jdbc-4.2.xsd=org/springframework/jdbc/config/spring-jdbc.xsd, http://www.springframework.org/schema/util/spring-util-3.1.xsd=org/springframework/beans/factory/xml/spring-util.xsd, http://www.springframework.org/schema/beans/spring-beans-2.0.xsd=org/springframework/beans/factory/xml/spring-beans.xsd, http://www.springframework.org/schema/cache/spring-cache.xsd=org/springframework/cache/config/spring-cache.xsd, http://www.springframework.org/schema/tx/spring-tx.xsd=org/springframework/transaction/config/spring-tx.xsd, http://www.springframework.org/schema/lang/spring-lang-4.2.xsd=org/springframework/scripting/config/spring-lang.xsd, http://www.springframework.org/schema/context/spring-context-4.1.xsd=org/springframework/context/config/spring-context.xsd, http://www.springframework.org/schema/beans/spring-beans-2.5.xsd=org/springframework/beans/factory/xml/spring-beans.xsd, http://www.springframework.org/schema/beans/spring-beans-4.3.xsd=org/springframework/beans/factory/xml/spring-beans.xsd, http://www.springframework.org/schema/tool/spring-tool-4.2.xsd=org/springframework/beans/factory/xml/spring-tool.xsd, http://www.springframework.org/schema/tx/spring-tx-2.0.xsd=org/springframework/transaction/config/spring-tx.xsd, http://www.springframework.org/schema/jee/spring-jee-4.2.xsd=org/springframework/ejb/config/spring-jee.xsd, http://www.springframework.org/schema/jdbc/spring-jdbc-3.2.xsd=org/springframework/jdbc/config/spring-jdbc.xsd, http://www.springframework.org/schema/task/spring-task-4.3.xsd=org/springframework/scheduling/config/spring-task.xsd, http://www.springframework.org/schema/aop/spring-aop.xsd=org/springframework/aop/config/spring-aop.xsd}
16:34:40.963 [main] DEBUG org.springframework.beans.factory.xml.PluggableSchemaResolver - Found XML schema [http://www.springframework.org/schema/beans/spring-beans.xsd] in classpath: org/springframework/beans/factory/xml/spring-beans.xsd
16:34:41.010 [main] DEBUG org.springframework.beans.factory.xml.PluggableSchemaResolver - Found XML schema [http://www.springframework.org/schema/context/spring-context.xsd] in classpath: org/springframework/context/config/spring-context.xsd
16:34:41.018 [main] DEBUG org.springframework.beans.factory.xml.PluggableSchemaResolver - Found XML schema [http://www.springframework.org/schema/tool/spring-tool.xsd] in classpath: org/springframework/beans/factory/xml/spring-tool.xsd
16:34:41.029 [main] DEBUG org.springframework.beans.factory.xml.DefaultBeanDefinitionDocumentReader - Loading bean definitions
16:34:41.036 [main] DEBUG org.springframework.beans.factory.xml.DefaultNamespaceHandlerResolver - Loaded NamespaceHandler mappings: {http://www.springframework.org/schema/p=org.springframework.beans.factory.xml.SimplePropertyNamespaceHandler, http://www.springframework.org/schema/util=org.springframework.beans.factory.xml.UtilNamespaceHandler, http://www.springframework.org/schema/jee=org.springframework.ejb.config.JeeNamespaceHandler, http://www.springframework.org/schema/aop=org.springframework.aop.config.AopNamespaceHandler, http://www.springframework.org/schema/jdbc=org.springframework.jdbc.config.JdbcNamespaceHandler, http://www.springframework.org/schema/cache=org.springframework.cache.config.CacheNamespaceHandler, http://mybatis.org/schema/mybatis-spring=org.mybatis.spring.config.NamespaceHandler, http://www.springframework.org/schema/c=org.springframework.beans.factory.xml.SimpleConstructorNamespaceHandler, http://www.springframework.org/schema/tx=org.springframework.transaction.config.TxNamespaceHandler, http://www.springframework.org/schema/task=org.springframework.scheduling.config.TaskNamespaceHandler, http://www.springframework.org/schema/lang=org.springframework.scripting.config.LangNamespaceHandler, http://www.springframework.org/schema/context=org.springframework.context.config.ContextNamespaceHandler}
16:34:41.057 [main] DEBUG org.springframework.core.io.support.PathMatchingResourcePatternResolver - Resolved classpath location [cc/myhome/mybatis/service/] to resources [URL [file:/E:/MyWorks/MavenProject/Task1/target/classes/cc/myhome/mybatis/service/]]
16:34:41.058 [main] DEBUG org.springframework.core.io.support.PathMatchingResourcePatternResolver - Looking for matching resources in directory tree [E:\MyWorks\MavenProject\Task1\target\classes\cc\myhome\mybatis\service]
16:34:41.059 [main] DEBUG org.springframework.core.io.support.PathMatchingResourcePatternResolver - Searching directory [E:\MyWorks\MavenProject\Task1\target\classes\cc\myhome\mybatis\service] for files matching pattern [E:/MyWorks/MavenProject/Task1/target/classes/cc/myhome/mybatis/service/**/*.class]
16:34:41.062 [main] DEBUG org.springframework.core.io.support.PathMatchingResourcePatternResolver - Resolved location pattern [classpath*:cc/myhome/mybatis/service/**/*.class] to resources [file [E:\MyWorks\MavenProject\Task1\target\classes\cc\myhome\mybatis\service\NetworkService.class], file [E:\MyWorks\MavenProject\Task1\target\classes\cc\myhome\mybatis\service\NetworkServiceImpl.class], file [E:\MyWorks\MavenProject\Task1\target\classes\cc\myhome\mybatis\service\ServiceDemo.class]]
16:34:41.087 [main] DEBUG org.springframework.context.annotation.ClassPathBeanDefinitionScanner - Identified candidate component class: file [E:\MyWorks\MavenProject\Task1\target\classes\cc\myhome\mybatis\service\NetworkServiceImpl.class]
16:34:41.109 [main] DEBUG org.springframework.beans.factory.xml.BeanDefinitionParserDelegate - Neither XML &apos;id&apos; nor &apos;name&apos; specified - using generated bean name [org.mybatis.spring.mapper.MapperScannerConfigurer#0]
16:34:41.110 [main] DEBUG org.springframework.beans.factory.xml.XmlBeanDefinitionReader - Loaded 12 bean definitions from location pattern [classpath:Spring-Mybatis.xml]
16:34:41.111 [main] INFO  org.springframework.context.support.GenericApplicationContext - Refreshing org.springframework.context.support.GenericApplicationContext@6392827e: startup date [Tue May 29 16:34:41 CST 2018]; root of context hierarchy
16:34:41.111 [main] DEBUG org.springframework.context.support.GenericApplicationContext - Bean factory for org.springframework.context.support.GenericApplicationContext@6392827e: org.springframework.beans.factory.support.DefaultListableBeanFactory@9816741: defining beans [networkServiceImpl,org.springframework.context.annotation.internalConfigurationAnnotationProcessor,org.springframework.context.annotation.internalAutowiredAnnotationProcessor,org.springframework.context.annotation.internalRequiredAnnotationProcessor,org.springframework.context.annotation.internalCommonAnnotationProcessor,org.springframework.context.event.internalEventListenerProcessor,org.springframework.context.event.internalEventListenerFactory,propertyConfigurer,dataSource,sqlSessionFactory,org.mybatis.spring.mapper.MapperScannerConfigurer#0,transactionManager]; root of factory hierarchy
16:34:41.165 [main] DEBUG org.springframework.beans.factory.support.DefaultListableBeanFactory - Creating shared instance of singleton bean &apos;org.springframework.context.annotation.internalConfigurationAnnotationProcessor&apos;
16:34:41.165 [main] DEBUG org.springframework.beans.factory.support.DefaultListableBeanFactory - Creating instance of bean &apos;org.springframework.context.annotation.internalConfigurationAnnotationProcessor&apos;
16:34:41.181 [main] DEBUG org.springframework.beans.factory.support.DefaultListableBeanFactory - Eagerly caching bean &apos;org.springframework.context.annotation.internalConfigurationAnnotationProcessor&apos; to allow for resolving potential circular references
16:34:41.184 [main] DEBUG org.springframework.beans.factory.support.DefaultListableBeanFactory - Finished creating instance of bean &apos;org.springframework.context.annotation.internalConfigurationAnnotationProcessor&apos;
16:34:41.221 [main] DEBUG org.springframework.beans.factory.support.DefaultListableBeanFactory - Creating shared instance of singleton bean &apos;org.mybatis.spring.mapper.MapperScannerConfigurer#0&apos;
16:34:41.221 [main] DEBUG org.springframework.beans.factory.support.DefaultListableBeanFactory - Creating instance of bean &apos;org.mybatis.spring.mapper.MapperScannerConfigurer#0&apos;
16:34:41.222 [main] DEBUG org.springframework.beans.factory.support.DefaultListableBeanFactory - Eagerly caching bean &apos;org.mybatis.spring.mapper.MapperScannerConfigurer#0&apos; to allow for resolving potential circular references
16:34:41.254 [main] DEBUG org.springframework.beans.factory.support.DefaultListableBeanFactory - Invoking afterPropertiesSet() on bean with name &apos;org.mybatis.spring.mapper.MapperScannerConfigurer#0&apos;
16:34:41.254 [main] DEBUG org.springframework.beans.factory.support.DefaultListableBeanFactory - Finished creating instance of bean &apos;org.mybatis.spring.mapper.MapperScannerConfigurer#0&apos;
16:34:41.255 [main] DEBUG org.springframework.core.env.StandardEnvironment - Adding PropertySource &apos;systemProperties&apos; with lowest search precedence
16:34:41.256 [main] DEBUG org.springframework.core.env.StandardEnvironment - Adding PropertySource &apos;systemEnvironment&apos; with lowest search precedence
16:34:41.256 [main] DEBUG org.springframework.core.env.StandardEnvironment - Initialized StandardEnvironment with PropertySources [MapPropertySource@1810923540 {name=&apos;systemProperties&apos;, properties={java.runtime.name=Java(TM) SE Runtime Environment, sun.boot.library.path=C:\Program Files\JAVA\jdk1.8.0_172\jre\bin, java.vm.version=25.172-b11, java.vm.vendor=Oracle Corporation, java.vendor.url=http://java.oracle.com/, path.separator=;, java.vm.name=Java HotSpot(TM) 64-Bit Server VM, file.encoding.pkg=sun.io, user.country=CN, user.script=, sun.java.launcher=SUN_STANDARD, sun.os.patch.level=Service Pack 1, java.vm.specification.name=Java Virtual Machine Specification, user.dir=E:\MyWorks\MavenProject\Task1, java.runtime.version=1.8.0_172-b11, basedir=E:\MyWorks\MavenProject\Task1, java.awt.graphicsenv=sun.awt.Win32GraphicsEnvironment, java.endorsed.dirs=C:\Program Files\JAVA\jdk1.8.0_172\jre\lib\endorsed, os.arch=amd64, surefire.real.class.path=E:\MyWorks\MavenProject\Task1\target\surefire\surefirebooter1055607004422240218.jar, java.io.tmpdir=C:\Users\WYZ\AppData\Local\Temp\, line.separator=
, java.vm.specification.vendor=Oracle Corporation, user.variant=, os.name=Windows 7, sun.jnu.encoding=GBK, java.library.path=C:\Program Files\JAVA\jdk1.8.0_172\jre\bin;C:\Windows\Sun\Java\bin;C:\Windows\system32;C:\Windows;C:\Program Files (x86)\Common Files\Oracle\Java\javapath;C:\Program Files (x86)\Intel\iCLS Client\;C:\Program Files\Intel\iCLS Client\;C:\Windows\system32;C:\Windows;C:\Windows\System32\Wbem;C:\Windows\System32\WindowsPowerShell\v1.0\;C:\Program Files\Intel\Intel(R) Management Engine Components\DAL;C:\Program Files\Intel\Intel(R) Management Engine Components\IPT;C:\Program Files (x86)\Intel\Intel(R) Management Engine Components\DAL;C:\Program Files (x86)\Intel\Intel(R) Management Engine Components\IPT;C:\Program Files\Intel\WiFi\bin\;C:\Program Files\Common Files\Intel\WirelessCommon\;C:\Program Files (x86)\Intel\OpenCL SDK\2.0\bin\x86;C:\Program Files (x86)\Intel\OpenCL SDK\2.0\bin\x64;C:\Program Files (x86)\NVIDIA Corporation\PhysX\Common;C:\Program Files\MySQL\mysql-5.7.21-winx64\bin;C:\Program Files\JAVA\jdk1.8.0_172\bin;C:\Program Files\Maven\apache-maven-3.5.3\bin;C:\Program Files\Intel\WiFi\bin\;C:\Program Files\Common Files\Intel\WirelessCommon\;., surefire.test.class.path=E:\MyWorks\MavenProject\Task1\target\test-classes;E:\MyWorks\MavenProject\Task1\target\classes;E:\MyWorks\Maven-repository\localRepository\org\springframework\spring-context\5.0.6.RELEASE\spring-context-5.0.6.RELEASE.jar;E:\MyWorks\Maven-repository\localRepository\org\springframework\spring-aop\5.0.6.RELEASE\spring-aop-5.0.6.RELEASE.jar;E:\MyWorks\Maven-repository\localRepository\org\springframework\spring-beans\5.0.6.RELEASE\spring-beans-5.0.6.RELEASE.jar;E:\MyWorks\Maven-repository\localRepository\org\springframework\spring-core\5.0.6.RELEASE\spring-core-5.0.6.RELEASE.jar;E:\MyWorks\Maven-repository\localRepository\org\springframework\spring-jcl\5.0.6.RELEASE\spring-jcl-5.0.6.RELEASE.jar;E:\MyWorks\Maven-repository\localRepository\org\springframework\spring-expression\5.0.6.RELEASE\spring-expression-5.0.6.RELEASE.jar;E:\MyWorks\Maven-repository\localRepository\org\springframework\spring-jdbc\5.0.6.RELEASE\spring-jdbc-5.0.6.RELEASE.jar;E:\MyWorks\Maven-repository\localRepository\org\springframework\spring-tx\5.0.6.RELEASE\spring-tx-5.0.6.RELEASE.jar;E:\MyWorks\Maven-repository\localRepository\org\springframework\spring-test\5.0.6.RELEASE\spring-test-5.0.6.RELEASE.jar;E:\MyWorks\Maven-repository\localRepository\mysql\mysql-connector-java\8.0.11\mysql-connector-java-8.0.11.jar;E:\MyWorks\Maven-repository\localRepository\com\google\protobuf\protobuf-java\2.6.0\protobuf-java-2.6.0.jar;E:\MyWorks\Maven-repository\localRepository\junit\junit\4.12\junit-4.12.jar;E:\MyWorks\Maven-repository\localRepository\org\hamcrest\hamcrest-core\1.3\hamcrest-core-1.3.jar;E:\MyWorks\Maven-repository\localRepository\com\mchange\c3p0\0.9.5.2\c3p0-0.9.5.2.jar;E:\MyWorks\Maven-repository\localRepository\com\mchange\mchange-commons-java\0.2.11\mchange-commons-java-0.2.11.jar;E:\MyWorks\Maven-repository\localRepository\org\mybatis\mybatis\3.4.6\mybatis-3.4.6.jar;E:\MyWorks\Maven-repository\localRepository\org\mybatis\mybatis-spring\1.3.2\mybatis-spring-1.3.2.jar;E:\MyWorks\Maven-repository\localRepository\org\apache\logging\log4j\log4j-api\2.11.0\log4j-api-2.11.0.jar;E:\MyWorks\Maven-repository\localRepository\org\apache\logging\log4j\log4j-core\2.11.0\log4j-core-2.11.0.jar;, java.specification.name=Java Platform API Specification, java.class.version=52.0, sun.management.compiler=HotSpot 64-Bit Tiered Compilers, os.version=6.1, user.home=C:\Users\WYZ, user.timezone=Asia/Shanghai, java.awt.printerjob=sun.awt.windows.WPrinterJob, file.encoding=GBK, java.specification.version=1.8, java.class.path=E:\MyWorks\MavenProject\Task1\target\test-classes;E:\MyWorks\MavenProject\Task1\target\classes;E:\MyWorks\Maven-repository\localRepository\org\springframework\spring-context\5.0.6.RELEASE\spring-context-5.0.6.RELEASE.jar;E:\MyWorks\Maven-repository\localRepository\org\springframework\spring-aop\5.0.6.RELEASE\spring-aop-5.0.6.RELEASE.jar;E:\MyWorks\Maven-repository\localRepository\org\springframework\spring-beans\5.0.6.RELEASE\spring-beans-5.0.6.RELEASE.jar;E:\MyWorks\Maven-repository\localRepository\org\springframework\spring-core\5.0.6.RELEASE\spring-core-5.0.6.RELEASE.jar;E:\MyWorks\Maven-repository\localRepository\org\springframework\spring-jcl\5.0.6.RELEASE\spring-jcl-5.0.6.RELEASE.jar;E:\MyWorks\Maven-repository\localRepository\org\springframework\spring-expression\5.0.6.RELEASE\spring-expression-5.0.6.RELEASE.jar;E:\MyWorks\Maven-repository\localRepository\org\springframework\spring-jdbc\5.0.6.RELEASE\spring-jdbc-5.0.6.RELEASE.jar;E:\MyWorks\Maven-repository\localRepository\org\springframework\spring-tx\5.0.6.RELEASE\spring-tx-5.0.6.RELEASE.jar;E:\MyWorks\Maven-repository\localRepository\org\springframework\spring-test\5.0.6.RELEASE\spring-test-5.0.6.RELEASE.jar;E:\MyWorks\Maven-repository\localRepository\mysql\mysql-connector-java\8.0.11\mysql-connector-java-8.0.11.jar;E:\MyWorks\Maven-repository\localRepository\com\google\protobuf\protobuf-java\2.6.0\protobuf-java-2.6.0.jar;E:\MyWorks\Maven-repository\localRepository\junit\junit\4.12\junit-4.12.jar;E:\MyWorks\Maven-repository\localRepository\org\hamcrest\hamcrest-core\1.3\hamcrest-core-1.3.jar;E:\MyWorks\Maven-repository\localRepository\com\mchange\c3p0\0.9.5.2\c3p0-0.9.5.2.jar;E:\MyWorks\Maven-repository\localRepository\com\mchange\mchange-commons-java\0.2.11\mchange-commons-java-0.2.11.jar;E:\MyWorks\Maven-repository\localRepository\org\mybatis\mybatis\3.4.6\mybatis-3.4.6.jar;E:\MyWorks\Maven-repository\localRepository\org\mybatis\mybatis-spring\1.3.2\mybatis-spring-1.3.2.jar;E:\MyWorks\Maven-repository\localRepository\org\apache\logging\log4j\log4j-api\2.11.0\log4j-api-2.11.0.jar;E:\MyWorks\Maven-repository\localRepository\org\apache\logging\log4j\log4j-core\2.11.0\log4j-core-2.11.0.jar;, user.name=WYZ, java.vm.specification.version=1.8, sun.java.command=E:\MyWorks\MavenProject\Task1\target\surefire\surefirebooter1055607004422240218.jar E:\MyWorks\MavenProject\Task1\target\surefire\surefire3794443680837792512tmp E:\MyWorks\MavenProject\Task1\target\surefire\surefire_06318907246180156439tmp, java.home=C:\Program Files\JAVA\jdk1.8.0_172\jre, sun.arch.data.model=64, user.language=zh, java.specification.vendor=Oracle Corporation, awt.toolkit=sun.awt.windows.WToolkit, java.vm.info=mixed mode, java.version=1.8.0_172, java.ext.dirs=C:\Program Files\JAVA\jdk1.8.0_172\jre\lib\ext;C:\Windows\Sun\Java\lib\ext, sun.boot.class.path=C:\Program Files\JAVA\jdk1.8.0_172\jre\lib\resources.jar;C:\Program Files\JAVA\jdk1.8.0_172\jre\lib\rt.jar;C:\Program Files\JAVA\jdk1.8.0_172\jre\lib\sunrsasign.jar;C:\Program Files\JAVA\jdk1.8.0_172\jre\lib\jsse.jar;C:\Program Files\JAVA\jdk1.8.0_172\jre\lib\jce.jar;C:\Program Files\JAVA\jdk1.8.0_172\jre\lib\charsets.jar;C:\Program Files\JAVA\jdk1.8.0_172\jre\lib\jfr.jar;C:\Program Files\JAVA\jdk1.8.0_172\jre\classes, java.vendor=Oracle Corporation, localRepository=E:\MyWorks\Maven-repository\localRepository, file.separator=\, java.vendor.url.bug=http://bugreport.sun.com/bugreport/, sun.io.unicode.encoding=UnicodeLittle, sun.cpu.endian=little, sun.desktop=windows, sun.cpu.isalist=amd64}}, SystemEnvironmentPropertySource@1581078471 {name=&apos;systemEnvironment&apos;, properties={PATH=C:\Program Files (x86)\Common Files\Oracle\Java\javapath;C:\Program Files (x86)\Intel\iCLS Client\;C:\Program Files\Intel\iCLS Client\;C:\Windows\system32;C:\Windows;C:\Windows\System32\Wbem;C:\Windows\System32\WindowsPowerShell\v1.0\;C:\Program Files\Intel\Intel(R) Management Engine Components\DAL;C:\Program Files\Intel\Intel(R) Management Engine Components\IPT;C:\Program Files (x86)\Intel\Intel(R) Management Engine Components\DAL;C:\Program Files (x86)\Intel\Intel(R) Management Engine Components\IPT;C:\Program Files\Intel\WiFi\bin\;C:\Program Files\Common Files\Intel\WirelessCommon\;C:\Program Files (x86)\Intel\OpenCL SDK\2.0\bin\x86;C:\Program Files (x86)\Intel\OpenCL SDK\2.0\bin\x64;C:\Program Files (x86)\NVIDIA Corporation\PhysX\Common;C:\Program Files\MySQL\mysql-5.7.21-winx64\bin;C:\Program Files\JAVA\jdk1.8.0_172\bin;C:\Program Files\Maven\apache-maven-3.5.3\bin;C:\Program Files\Intel\WiFi\bin\;C:\Program Files\Common Files\Intel\WirelessCommon\, PROCESSOR_LEVEL=6, SYSTEMDRIVE=C:, FP_NO_HOST_CHECK=NO, SESSIONNAME=Console, ALLUSERSPROFILE=C:\ProgramData, PROCESSOR_ARCHITECTURE=AMD64, =E:=E:\MyWorks\MavenProject\Task1, MAVEN_HOME=C:\Program Files\Maven\apache-maven-3.5.3\bin\.., PROGRAMFILES=C:\Program Files, PSMODULEPATH=C:\Windows\system32\WindowsPowerShell\v1.0\Modules\, PROGRAMDATA=C:\ProgramData, USERNAME=WYZ, WDIR=E:\, PATHEXT=.COM;.EXE;.BAT;.CMD;.VBS;.VBE;.JS;.JSE;.WSF;.WSH;.MSC, CLASSWORLDS_JAR=&quot;C:\Program Files\Maven\apache-maven-3.5.3\bin\..\boot\plexus-classworlds-2.5.2.jar&quot;, WINDIR=C:\Windows, HOMEPATH=\Users\WYZ, MYSQL_HOME=C:\Program Files\MySQL\mysql-5.7.21-winx64, PROCESSOR_IDENTIFIER=Intel64 Family 6 Model 58 Stepping 9, GenuineIntel, WINDOWS_TRACING_LOGFILE=C:\BVTBin\Tests\installpackage\csilogfile.log, PUBLIC=C:\Users\Public, =::=::\, =EXITCODE=00000001, LOCALAPPDATA=C:\Users\WYZ\AppData\Local, COMMONPROGRAMFILES(X86)=C:\Program Files (x86)\Common Files, USERDOMAIN=WYZ-PC, LOGONSERVER=\\WYZ-PC, JAVA_HOME=C:\Program Files\JAVA\jdk1.8.0_172, PROMPT=$P$G, PROGRAMFILES(X86)=C:\Program Files (x86), ERROR_CODE=0, EXEC_DIR=E:\MyWorks\MavenProject\Task1, WINDOWS_TRACING_FLAGS=3, =C:=C:\Users\WYZ, APPDATA=C:\Users\WYZ\AppData\Roaming, PROGRAMW6432=C:\Program Files, SYSTEMROOT=C:\Windows, MAVEN_CMD_LINE_ARGS=package, OS=Windows_NT, COMMONPROGRAMW6432=C:\Program Files\Common Files, COMPUTERNAME=WYZ-PC, COMMONPROGRAMFILES=C:\Program Files\Common Files, COMSPEC=C:\Windows\system32\cmd.exe, JAVACMD=C:\Program Files\JAVA\jdk1.8.0_172\bin\java.exe, MAVEN_PROJECTBASEDIR=E:\MyWorks\MavenProject\Task1, PROCESSOR_REVISION=3a09, CLASSWORLDS_LAUNCHER=org.codehaus.plexus.classworlds.launcher.Launcher, TEMP=C:\Users\WYZ\AppData\Local\Temp, HOMEDRIVE=C:, USERPROFILE=C:\Users\WYZ, TMP=C:\Users\WYZ\AppData\Local\Temp, NUMBER_OF_PROCESSORS=8, JVMCONFIG=\.mvn\jvm.config}}]
16:34:41.262 [main] DEBUG org.springframework.core.io.support.PathMatchingResourcePatternResolver - Resolved classpath location [cc/myhome/mybatis/mapper/] to resources [URL [file:/E:/MyWorks/MavenProject/Task1/target/classes/cc/myhome/mybatis/mapper/]]
16:34:41.263 [main] DEBUG org.springframework.core.io.support.PathMatchingResourcePatternResolver - Looking for matching resources in directory tree [E:\MyWorks\MavenProject\Task1\target\classes\cc\myhome\mybatis\mapper]
16:34:41.263 [main] DEBUG org.springframework.core.io.support.PathMatchingResourcePatternResolver - Searching directory [E:\MyWorks\MavenProject\Task1\target\classes\cc\myhome\mybatis\mapper] for files matching pattern [E:/MyWorks/MavenProject/Task1/target/classes/cc/myhome/mybatis/mapper/**/*.class]
16:34:41.264 [main] DEBUG org.springframework.core.io.support.PathMatchingResourcePatternResolver - Resolved location pattern [classpath*:cc/myhome/mybatis/mapper/**/*.class] to resources [file [E:\MyWorks\MavenProject\Task1\target\classes\cc\myhome\mybatis\mapper\Network1Mapper.class]]
16:34:41.266 [main] DEBUG org.mybatis.spring.mapper.ClassPathMapperScanner - Identified candidate component class: file [E:\MyWorks\MavenProject\Task1\target\classes\cc\myhome\mybatis\mapper\Network1Mapper.class]
16:34:41.266 [main] DEBUG org.mybatis.spring.mapper.ClassPathMapperScanner - Creating MapperFactoryBean with name &apos;network1Mapper&apos; and &apos;cc.myhome.mybatis.mapper.Network1Mapper&apos; mapperInterface
16:34:41.268 [main] DEBUG org.mybatis.spring.mapper.ClassPathMapperScanner - Enabling autowire by type for MapperFactoryBean with name &apos;network1Mapper&apos;.
16:34:41.273 [main] DEBUG org.springframework.beans.factory.support.DefaultListableBeanFactory - Creating shared instance of singleton bean &apos;propertyConfigurer&apos;
16:34:41.274 [main] DEBUG org.springframework.beans.factory.support.DefaultListableBeanFactory - Creating instance of bean &apos;propertyConfigurer&apos;
16:34:41.275 [main] DEBUG org.springframework.beans.factory.support.DefaultListableBeanFactory - Eagerly caching bean &apos;propertyConfigurer&apos; to allow for resolving potential circular references
16:34:41.288 [main] DEBUG org.springframework.beans.factory.support.DefaultListableBeanFactory - Finished creating instance of bean &apos;propertyConfigurer&apos;
16:34:41.288 [main] DEBUG org.springframework.beans.factory.config.PropertyPlaceholderConfigurer - Loading properties file from class path resource [c3p0.properties]
16:34:41.293 [main] DEBUG org.springframework.beans.factory.support.DefaultListableBeanFactory - Creating shared instance of singleton bean &apos;org.springframework.context.annotation.internalAutowiredAnnotationProcessor&apos;
16:34:41.293 [main] DEBUG org.springframework.beans.factory.support.DefaultListableBeanFactory - Creating instance of bean &apos;org.springframework.context.annotation.internalAutowiredAnnotationProcessor&apos;
16:34:41.294 [main] DEBUG org.springframework.beans.factory.support.DefaultListableBeanFactory - Eagerly caching bean &apos;org.springframework.context.annotation.internalAutowiredAnnotationProcessor&apos; to allow for resolving potential circular references
16:34:41.300 [main] DEBUG org.springframework.beans.factory.support.DefaultListableBeanFactory - Finished creating instance of bean &apos;org.springframework.context.annotation.internalAutowiredAnnotationProcessor&apos;
16:34:41.300 [main] DEBUG org.springframework.beans.factory.support.DefaultListableBeanFactory - Creating shared instance of singleton bean &apos;org.springframework.context.annotation.internalRequiredAnnotationProcessor&apos;
16:34:41.300 [main] DEBUG org.springframework.beans.factory.support.DefaultListableBeanFactory - Creating instance of bean &apos;org.springframework.context.annotation.internalRequiredAnnotationProcessor&apos;
16:34:41.301 [main] DEBUG org.springframework.beans.factory.support.DefaultListableBeanFactory - Eagerly caching bean &apos;org.springframework.context.annotation.internalRequiredAnnotationProcessor&apos; to allow for resolving potential circular references
16:34:41.303 [main] DEBUG org.springframework.beans.factory.support.DefaultListableBeanFactory - Finished creating instance of bean &apos;org.springframework.context.annotation.internalRequiredAnnotationProcessor&apos;
16:34:41.304 [main] DEBUG org.springframework.beans.factory.support.DefaultListableBeanFactory - Creating shared instance of singleton bean &apos;org.springframework.context.annotation.internalCommonAnnotationProcessor&apos;
16:34:41.304 [main] DEBUG org.springframework.beans.factory.support.DefaultListableBeanFactory - Creating instance of bean &apos;org.springframework.context.annotation.internalCommonAnnotationProcessor&apos;
16:34:41.307 [main] DEBUG org.springframework.beans.factory.support.DefaultListableBeanFactory - Eagerly caching bean &apos;org.springframework.context.annotation.internalCommonAnnotationProcessor&apos; to allow for resolving potential circular references
16:34:41.313 [main] DEBUG org.springframework.beans.factory.support.DefaultListableBeanFactory - Finished creating instance of bean &apos;org.springframework.context.annotation.internalCommonAnnotationProcessor&apos;
16:34:41.316 [main] DEBUG org.springframework.context.support.GenericApplicationContext - Unable to locate MessageSource with name &apos;messageSource&apos;: using default [org.springframework.context.support.DelegatingMessageSource@20c0a64d]
16:34:41.318 [main] DEBUG org.springframework.context.support.GenericApplicationContext - Unable to locate ApplicationEventMulticaster with name &apos;applicationEventMulticaster&apos;: using default [org.springframework.context.event.SimpleApplicationEventMulticaster@59e505b2]
16:34:41.320 [main] DEBUG org.springframework.beans.factory.support.DefaultListableBeanFactory - Pre-instantiating singletons in org.springframework.beans.factory.support.DefaultListableBeanFactory@9816741: defining beans [networkServiceImpl,org.springframework.context.annotation.internalConfigurationAnnotationProcessor,org.springframework.context.annotation.internalAutowiredAnnotationProcessor,org.springframework.context.annotation.internalRequiredAnnotationProcessor,org.springframework.context.annotation.internalCommonAnnotationProcessor,org.springframework.context.event.internalEventListenerProcessor,org.springframework.context.event.internalEventListenerFactory,propertyConfigurer,dataSource,sqlSessionFactory,org.mybatis.spring.mapper.MapperScannerConfigurer#0,transactionManager,network1Mapper]; root of factory hierarchy
16:34:41.320 [main] DEBUG org.springframework.beans.factory.support.DefaultListableBeanFactory - Creating shared instance of singleton bean &apos;networkServiceImpl&apos;
16:34:41.321 [main] DEBUG org.springframework.beans.factory.support.DefaultListableBeanFactory - Creating instance of bean &apos;networkServiceImpl&apos;
16:34:41.329 [main] DEBUG org.springframework.beans.factory.annotation.InjectionMetadata - Registered injected element on class [cc.myhome.mybatis.service.NetworkServiceImpl]: AutowiredFieldElement for private cc.myhome.mybatis.mapper.Network1Mapper cc.myhome.mybatis.service.NetworkServiceImpl.mapper
16:34:41.330 [main] DEBUG org.springframework.beans.factory.support.DefaultListableBeanFactory - Eagerly caching bean &apos;networkServiceImpl&apos; to allow for resolving potential circular references
16:34:41.332 [main] DEBUG org.springframework.beans.factory.annotation.InjectionMetadata - Processing injected element of bean &apos;networkServiceImpl&apos;: AutowiredFieldElement for private cc.myhome.mybatis.mapper.Network1Mapper cc.myhome.mybatis.service.NetworkServiceImpl.mapper
16:34:41.343 [main] DEBUG org.apache.ibatis.logging.LogFactory - Logging initialized using &apos;class org.apache.ibatis.logging.commons.JakartaCommonsLoggingImpl&apos; adapter.
16:34:41.351 [main] DEBUG org.springframework.beans.factory.support.DefaultListableBeanFactory - Creating shared instance of singleton bean &apos;network1Mapper&apos;
16:34:41.352 [main] DEBUG org.springframework.beans.factory.support.DefaultListableBeanFactory - Creating instance of bean &apos;network1Mapper&apos;
16:34:41.353 [main] DEBUG org.springframework.beans.factory.support.DefaultListableBeanFactory - Eagerly caching bean &apos;network1Mapper&apos; to allow for resolving potential circular references
16:34:41.362 [main] DEBUG org.springframework.beans.factory.support.DefaultListableBeanFactory - Creating shared instance of singleton bean &apos;sqlSessionFactory&apos;
16:34:41.362 [main] DEBUG org.springframework.beans.factory.support.DefaultListableBeanFactory - Creating instance of bean &apos;sqlSessionFactory&apos;
16:34:41.364 [main] DEBUG org.springframework.beans.factory.support.DefaultListableBeanFactory - Eagerly caching bean &apos;sqlSessionFactory&apos; to allow for resolving potential circular references
16:34:41.372 [main] DEBUG org.springframework.beans.factory.support.DefaultListableBeanFactory - Creating shared instance of singleton bean &apos;dataSource&apos;
16:34:41.372 [main] DEBUG org.springframework.beans.factory.support.DefaultListableBeanFactory - Creating instance of bean &apos;dataSource&apos;
16:34:41.681 [main] DEBUG org.springframework.beans.factory.support.DefaultListableBeanFactory - Eagerly caching bean &apos;dataSource&apos; to allow for resolving potential circular references
16:34:41.710 [main] DEBUG org.springframework.beans.factory.support.DefaultListableBeanFactory - Finished creating instance of bean &apos;dataSource&apos;
16:34:41.712 [main] DEBUG org.springframework.core.io.support.PathMatchingResourcePatternResolver - Looking for matching resources in directory tree [E:\MyWorks\MavenProject\Task1\target\classes\cc\myhome\mybatis\mapper]
16:34:41.713 [main] DEBUG org.springframework.core.io.support.PathMatchingResourcePatternResolver - Searching directory [E:\MyWorks\MavenProject\Task1\target\classes\cc\myhome\mybatis\mapper] for files matching pattern [E:/MyWorks/MavenProject/Task1/target/classes/cc/myhome/mybatis/mapper/*.xml]
16:34:41.714 [main] DEBUG org.springframework.core.io.support.PathMatchingResourcePatternResolver - Resolved location pattern [classpath:cc/myhome/mybatis/mapper/*.xml] to resources [file [E:\MyWorks\MavenProject\Task1\target\classes\cc\myhome\mybatis\mapper\Network1Mapper.xml]]
16:34:41.716 [main] DEBUG org.springframework.beans.factory.support.DefaultListableBeanFactory - Invoking afterPropertiesSet() on bean with name &apos;sqlSessionFactory&apos;
16:34:41.716 [main] DEBUG org.mybatis.spring.SqlSessionFactoryBean - Property &apos;configuration&apos; or &apos;configLocation&apos; not specified, using default MyBatis Configuration
16:34:41.805 [main] DEBUG org.apache.ibatis.io.VFS - Class not found: org.jboss.vfs.VFS
16:34:41.806 [main] DEBUG org.apache.ibatis.io.JBoss6VFS - JBoss 6 VFS API is not available in this environment.
16:34:41.807 [main] DEBUG org.apache.ibatis.io.VFS - Class not found: org.jboss.vfs.VirtualFile
16:34:41.807 [main] DEBUG org.apache.ibatis.io.VFS - VFS implementation org.apache.ibatis.io.JBoss6VFS is not valid in this environment.
16:34:41.808 [main] DEBUG org.apache.ibatis.io.VFS - Using VFS adapter org.apache.ibatis.io.DefaultVFS
16:34:41.809 [main] DEBUG org.apache.ibatis.io.DefaultVFS - Find JAR URL: file:/E:/MyWorks/MavenProject/Task1/target/classes/cc/myhome/model
16:34:41.810 [main] DEBUG org.apache.ibatis.io.DefaultVFS - Not a JAR: file:/E:/MyWorks/MavenProject/Task1/target/classes/cc/myhome/model
16:34:41.847 [main] DEBUG org.apache.ibatis.io.DefaultVFS - Reader entry: Network1.class
16:34:41.848 [main] DEBUG org.apache.ibatis.io.DefaultVFS - Listing file:/E:/MyWorks/MavenProject/Task1/target/classes/cc/myhome/model
16:34:41.849 [main] DEBUG org.apache.ibatis.io.DefaultVFS - Find JAR URL: file:/E:/MyWorks/MavenProject/Task1/target/classes/cc/myhome/model/Network1.class
16:34:41.850 [main] DEBUG org.apache.ibatis.io.DefaultVFS - Not a JAR: file:/E:/MyWorks/MavenProject/Task1/target/classes/cc/myhome/model/Network1.class
16:34:41.851 [main] DEBUG org.apache.ibatis.io.DefaultVFS - Reader entry: 漱壕&amp;#0;&amp;#0;&amp;#0;4&amp;#0;R
16:34:41.853 [main] DEBUG org.apache.ibatis.io.ResolverUtil - Checking to see if class cc.myhome.model.Network1 matches criteria [is assignable to Object]
16:34:41.855 [main] DEBUG org.mybatis.spring.SqlSessionFactoryBean - Scanned package: &apos;cc.myhome.model&apos; for aliases
16:34:41.963 [main] DEBUG org.mybatis.spring.SqlSessionFactoryBean - Parsed mapper file: &apos;file [E:\MyWorks\MavenProject\Task1\target\classes\cc\myhome\mybatis\mapper\Network1Mapper.xml]&apos;
16:34:41.964 [main] DEBUG org.springframework.beans.factory.support.DefaultListableBeanFactory - Finished creating instance of bean &apos;sqlSessionFactory&apos;
16:34:41.965 [main] DEBUG org.springframework.beans.factory.support.DefaultListableBeanFactory - Autowiring by type from bean name &apos;network1Mapper&apos; via property &apos;sqlSessionFactory&apos; to bean named &apos;sqlSessionFactory&apos;
16:34:41.973 [main] DEBUG org.springframework.beans.factory.support.DefaultListableBeanFactory - Invoking afterPropertiesSet() on bean with name &apos;network1Mapper&apos;
16:34:41.973 [main] DEBUG org.springframework.beans.factory.support.DefaultListableBeanFactory - Finished creating instance of bean &apos;network1Mapper&apos;
16:34:41.976 [main] DEBUG org.springframework.beans.factory.annotation.AutowiredAnnotationBeanPostProcessor - Autowiring by type from bean name &apos;networkServiceImpl&apos; to bean named &apos;network1Mapper&apos;
16:34:41.976 [main] DEBUG org.springframework.beans.factory.support.DefaultListableBeanFactory - Finished creating instance of bean &apos;networkServiceImpl&apos;
16:34:41.977 [main] DEBUG org.springframework.beans.factory.support.DefaultListableBeanFactory - Returning cached instance of singleton bean &apos;org.springframework.context.annotation.internalConfigurationAnnotationProcessor&apos;
16:34:41.977 [main] DEBUG org.springframework.beans.factory.support.DefaultListableBeanFactory - Returning cached instance of singleton bean &apos;org.springframework.context.annotation.internalAutowiredAnnotationProcessor&apos;
16:34:41.977 [main] DEBUG org.springframework.beans.factory.support.DefaultListableBeanFactory - Returning cached instance of singleton bean &apos;org.springframework.context.annotation.internalRequiredAnnotationProcessor&apos;
16:34:41.978 [main] DEBUG org.springframework.beans.factory.support.DefaultListableBeanFactory - Returning cached instance of singleton bean &apos;org.springframework.context.annotation.internalCommonAnnotationProcessor&apos;
16:34:41.978 [main] DEBUG org.springframework.beans.factory.support.DefaultListableBeanFactory - Creating shared instance of singleton bean &apos;org.springframework.context.event.internalEventListenerProcessor&apos;
16:34:41.978 [main] DEBUG org.springframework.beans.factory.support.DefaultListableBeanFactory - Creating instance of bean &apos;org.springframework.context.event.internalEventListenerProcessor&apos;
16:34:41.980 [main] DEBUG org.springframework.beans.factory.support.DefaultListableBeanFactory - Eagerly caching bean &apos;org.springframework.context.event.internalEventListenerProcessor&apos; to allow for resolving potential circular references
16:34:41.983 [main] DEBUG org.springframework.beans.factory.support.DefaultListableBeanFactory - Finished creating instance of bean &apos;org.springframework.context.event.internalEventListenerProcessor&apos;
16:34:41.983 [main] DEBUG org.springframework.beans.factory.support.DefaultListableBeanFactory - Creating shared instance of singleton bean &apos;org.springframework.context.event.internalEventListenerFactory&apos;
16:34:41.984 [main] DEBUG org.springframework.beans.factory.support.DefaultListableBeanFactory - Creating instance of bean &apos;org.springframework.context.event.internalEventListenerFactory&apos;
16:34:41.984 [main] DEBUG org.springframework.beans.factory.support.DefaultListableBeanFactory - Eagerly caching bean &apos;org.springframework.context.event.internalEventListenerFactory&apos; to allow for resolving potential circular references
16:34:41.988 [main] DEBUG org.springframework.beans.factory.support.DefaultListableBeanFactory - Finished creating instance of bean &apos;org.springframework.context.event.internalEventListenerFactory&apos;
16:34:41.988 [main] DEBUG org.springframework.beans.factory.support.DefaultListableBeanFactory - Returning cached instance of singleton bean &apos;propertyConfigurer&apos;
16:34:41.988 [main] DEBUG org.springframework.beans.factory.support.DefaultListableBeanFactory - Returning cached instance of singleton bean &apos;dataSource&apos;
16:34:41.989 [main] DEBUG org.springframework.beans.factory.support.DefaultListableBeanFactory - Returning cached instance of singleton bean &apos;sqlSessionFactory&apos;
16:34:41.989 [main] DEBUG org.springframework.beans.factory.support.DefaultListableBeanFactory - Returning cached instance of singleton bean &apos;org.mybatis.spring.mapper.MapperScannerConfigurer#0&apos;
16:34:41.990 [main] DEBUG org.springframework.beans.factory.support.DefaultListableBeanFactory - Creating shared instance of singleton bean &apos;transactionManager&apos;
16:34:41.990 [main] DEBUG org.springframework.beans.factory.support.DefaultListableBeanFactory - Creating instance of bean &apos;transactionManager&apos;
16:34:41.996 [main] DEBUG org.springframework.beans.factory.support.DefaultListableBeanFactory - Eagerly caching bean &apos;transactionManager&apos; to allow for resolving potential circular references
16:34:42.002 [main] DEBUG org.springframework.beans.factory.support.DefaultListableBeanFactory - Returning cached instance of singleton bean &apos;dataSource&apos;
16:34:42.002 [main] DEBUG org.springframework.beans.factory.support.DefaultListableBeanFactory - Invoking afterPropertiesSet() on bean with name &apos;transactionManager&apos;
16:34:42.003 [main] DEBUG org.springframework.beans.factory.support.DefaultListableBeanFactory - Finished creating instance of bean &apos;transactionManager&apos;
16:34:42.003 [main] DEBUG org.springframework.beans.factory.support.DefaultListableBeanFactory - Returning cached instance of singleton bean &apos;network1Mapper&apos;
16:34:42.004 [main] DEBUG org.springframework.beans.factory.support.DefaultListableBeanFactory - Returning cached instance of singleton bean &apos;org.springframework.context.event.internalEventListenerFactory&apos;
16:34:42.032 [main] DEBUG org.springframework.context.support.GenericApplicationContext - Unable to locate LifecycleProcessor with name &apos;lifecycleProcessor&apos;: using default [org.springframework.context.support.DefaultLifecycleProcessor@7e928e2f]
16:34:42.033 [main] DEBUG org.springframework.beans.factory.support.DefaultListableBeanFactory - Returning cached instance of singleton bean &apos;lifecycleProcessor&apos;
16:34:42.041 [main] DEBUG org.springframework.beans.factory.support.DefaultListableBeanFactory - Returning cached instance of singleton bean &apos;sqlSessionFactory&apos;
16:34:42.043 [main] DEBUG org.springframework.core.env.PropertySourcesPropertyResolver - Could not find key &apos;spring.liveBeansView.mbeanDomain&apos; in any property source
16:34:42.047 [main] DEBUG org.springframework.test.context.cache.DefaultCacheAwareContextLoaderDelegate - Storing ApplicationContext in cache under key [[MergedContextConfiguration@5fbdfdcf testClass = Test2MybatisMapper, locations = &apos;{classpath:Spring-Mybatis.xml}&apos;, classes = &apos;{}&apos;, contextInitializerClasses = &apos;[]&apos;, activeProfiles = &apos;{}&apos;, propertySourceLocations = &apos;{}&apos;, propertySourceProperties = &apos;{}&apos;, contextCustomizers = set[[empty]], contextLoader = &apos;org.springframework.test.context.support.DelegatingSmartContextLoader&apos;, parent = [null]]]
16:34:42.047 [main] DEBUG org.springframework.test.context.cache - Spring test ApplicationContext cache statistics: [DefaultContextCache@58359ebd size = 1, maxSize = 32, parentContextCount = 0, hitCount = 0, missCount = 1]
16:34:42.053 [main] DEBUG org.springframework.beans.factory.annotation.InjectionMetadata - Processing injected element of bean &apos;cc.myhome.mybatis.Test2MybatisMapper&apos;: AutowiredFieldElement for cc.myhome.mybatis.mapper.Network1Mapper cc.myhome.mybatis.Test2MybatisMapper.mapper
16:34:42.054 [main] DEBUG org.springframework.beans.factory.support.DefaultListableBeanFactory - Returning cached instance of singleton bean &apos;network1Mapper&apos;
16:34:42.054 [main] DEBUG org.springframework.beans.factory.annotation.AutowiredAnnotationBeanPostProcessor - Autowiring by type from bean name &apos;cc.myhome.mybatis.Test2MybatisMapper&apos; to bean named &apos;network1Mapper&apos;
16:34:42.057 [main] DEBUG org.springframework.test.context.support.AbstractDirtiesContextTestExecutionListener - Before test method: context [DefaultTestContext@505fc5a4 testClass = Test2MybatisMapper, testInstance = cc.myhome.mybatis.Test2MybatisMapper@53fdffa1, testMethod = testSelectAll@Test2MybatisMapper, testException = [null], mergedContextConfiguration = [MergedContextConfiguration@5fbdfdcf testClass = Test2MybatisMapper, locations = &apos;{classpath:Spring-Mybatis.xml}&apos;, classes = &apos;{}&apos;, contextInitializerClasses = &apos;[]&apos;, activeProfiles = &apos;{}&apos;, propertySourceLocations = &apos;{}&apos;, propertySourceProperties = &apos;{}&apos;, contextCustomizers = set[[empty]], contextLoader = &apos;org.springframework.test.context.support.DelegatingSmartContextLoader&apos;, parent = [null]], attributes = map[[empty]]], class annotated with @DirtiesContext [false] with mode [null], method annotated with @DirtiesContext [false] with mode [null].
16:34:42.068 [main] DEBUG org.mybatis.spring.SqlSessionUtils - Creating a new SqlSession
16:34:42.074 [main] DEBUG org.mybatis.spring.SqlSessionUtils - SqlSession [org.apache.ibatis.session.defaults.DefaultSqlSession@19fb8826] was not registered for synchronization because synchronization is not active
16:34:42.083 [main] DEBUG org.springframework.jdbc.datasource.DataSourceUtils - Fetching JDBC Connection from DataSource
16:34:42.317 [main] DEBUG org.mybatis.spring.transaction.SpringManagedTransaction - JDBC Connection [com.mchange.v2.c3p0.impl.NewProxyConnection@6cbcf243 [wrapping: com.mysql.cj.jdbc.ConnectionImpl@29e6eb25]] will not be managed by Spring
16:34:42.323 [main] DEBUG cc.myhome.mybatis.mapper.Network1Mapper.selectAll - ==&gt;  Preparing: select Line_id lineId, Name name, QQ, Type type, Enrolment_time enrolmentTime, Graduate graduate, Report_link reportLink, Wish wish, Senior senior, How_know howKnow, Create_at createAt, Update_at updateAt from network1 
16:34:42.358 [main] DEBUG cc.myhome.mybatis.mapper.Network1Mapper.selectAll - ==&gt; Parameters: 
16:34:42.393 [main] DEBUG cc.myhome.mybatis.mapper.Network1Mapper.selectAll - &lt;==      Total: 11
16:34:42.398 [main] DEBUG org.mybatis.spring.SqlSessionUtils - Closing non transactional SqlSession [org.apache.ibatis.session.defaults.DefaultSqlSession@19fb8826]
16:34:42.399 [main] DEBUG org.springframework.jdbc.datasource.DataSourceUtils - Returning JDBC Connection to DataSource
16:34:42.401 [main] DEBUG org.springframework.test.context.support.AbstractDirtiesContextTestExecutionListener - After test method: context [DefaultTestContext@505fc5a4 testClass = Test2MybatisMapper, testInstance = cc.myhome.mybatis.Test2MybatisMapper@53fdffa1, testMethod = testSelectAll@Test2MybatisMapper, testException = java.lang.AssertionError: expected:&lt;12&gt; but was:&lt;11&gt;, mergedContextConfiguration = [MergedContextConfiguration@5fbdfdcf testClass = Test2MybatisMapper, locations = &apos;{classpath:Spring-Mybatis.xml}&apos;, classes = &apos;{}&apos;, contextInitializerClasses = &apos;[]&apos;, activeProfiles = &apos;{}&apos;, propertySourceLocations = &apos;{}&apos;, propertySourceProperties = &apos;{}&apos;, contextCustomizers = set[[empty]], contextLoader = &apos;org.springframework.test.context.support.DelegatingSmartContextLoader&apos;, parent = [null]], attributes = map[[empty]]], class annotated with @DirtiesContext [false] with mode [null], method annotated with @DirtiesContext [false] with mode [null].
</system-out>
    <system-err>五月 29, 2018 4:34:41 下午 com.mchange.v2.log.MLog 
信息: MLog clients using java 1.4+ standard logging.
五月 29, 2018 4:34:41 下午 com.mchange.v2.c3p0.C3P0Registry 
信息: Initializing c3p0-0.9.5.2 [built 08-December-2015 22:06:04 -0800; debug? true; trace: 10]
五月 29, 2018 4:34:42 下午 com.mchange.v2.c3p0.impl.AbstractPoolBackedDataSource 
[...]
</system-out>
  </testcase>
  <testcase classname="cc.myhome.mybatis.Test2MybatisMapper" name="testDeleteById" time="0.009">
    <failure type="java.lang.AssertionError">java.lang.AssertionError
	at org.junit.Assert.fail(Assert.java:86)
	at org.junit.Assert.assertTrue(Assert.java:41)
	at org.junit.Assert.assertNotNull(Assert.java:712)
	at org.junit.Assert.assertNotNull(Assert.java:722)
	at cc.myhome.mybatis.Test2MybatisMapper.testDeleteById(Test2MybatisMapper.java:167)
	at sun.reflect.NativeMethodAccessorImpl.invoke0(Native Method)
	at sun.reflect.NativeMethodAccessorImpl.invoke(NativeMethodAccessorImpl.java:62)
	at sun.reflect.DelegatingMethodAccessorImpl.invoke(DelegatingMethodAccessorImpl.java:43)
	at java.lang.reflect.Method.invoke(Method.java:498)
	at org.junit.runners.model.FrameworkMethod$1.runReflectiveCall(FrameworkMethod.java:50)
	at org.junit.internal.runners.model.ReflectiveCallable.run(ReflectiveCallable.java:12)
	at org.junit.runners.model.FrameworkMethod.invokeExplosively(FrameworkMethod.java:47)
	at org.junit.internal.runners.statements.InvokeMethod.evaluate(InvokeMethod.java:17)
	at org.springframework.test.context.junit4.statements.RunBeforeTestExecutionCallbacks.evaluate(RunBeforeTestExecutionCallbacks.java:73)
	at org.springframework.test.context.junit4.statements.RunAfterTestExecutionCallbacks.evaluate(RunAfterTestExecutionCallbacks.java:83)
	at org.springframework.test.context.junit4.statements.RunBeforeTestMethodCallbacks.evaluate(RunBeforeTestMethodCallbacks.java:75)
	at org.springframework.test.context.junit4.statements.RunAfterTestMethodCallbacks.evaluate(RunAfterTestMethodCallbacks.java:86)
	at org.springframework.test.context.junit4.statements.SpringRepeat.evaluate(SpringRepeat.java:84)
	at org.junit.runners.ParentRunner.runLeaf(ParentRunner.java:325)
	at org.springframework.test.context.junit4.SpringJUnit4ClassRunner.runChild(SpringJUnit4ClassRunner.java:251)
	at org.springframework.test.context.junit4.SpringJUnit4ClassRunner.runChild(SpringJUnit4ClassRunner.java:97)
	at org.junit.runners.ParentRunner$3.run(ParentRunner.java:290)
	at org.junit.runners.ParentRunner$1.schedule(ParentRunner.java:71)
	at org.junit.runners.ParentRunner.runChildren(ParentRunner.java:288)
	at org.junit.runners.ParentRunner.access$000(ParentRunner.java:58)
	at org.junit.runners.ParentRunner$2.evaluate(ParentRunner.java:268)
	at org.springframework.test.context.junit4.statements.RunBeforeTestClassCallbacks.evaluate(RunBeforeTestClassCallbacks.java:61)
	at org.springframework.test.context.junit4.statements.RunAfterTestClassCallbacks.evaluate(RunAfterTestClassCallbacks.java:70)
	at org.junit.runners.ParentRunner.run(ParentRunner.java:363)
	at org.springframework.test.context.junit4.SpringJUnit4ClassRunner.run(SpringJUnit4ClassRunner.java:190)
	at org.apache.maven.surefire.junit4.JUnit4Provider.execute(JUnit4Provider.java:252)
	at org.apache.maven.surefire.junit4.JUnit4Provider.executeTestSet(JUnit4Provider.java:141)
	at org.apache.maven.surefire.junit4.JUnit4Provider.invoke(JUnit4Provider.java:112)
	at sun.reflect.NativeMethodAccessorImpl.invoke0(Native Method)
	at sun.reflect.NativeMethodAccessorImpl.invoke(NativeMethodAccessorImpl.java:62)
	at sun.reflect.DelegatingMethodAccessorImpl.invoke(DelegatingMethodAccessorImpl.java:43)
	at java.lang.reflect.Method.invoke(Method.java:498)
	at org.apache.maven.surefire.util.ReflectionUtils.invokeMethodWithArray(ReflectionUtils.java:189)
	at org.apache.maven.surefire.booter.ProviderFactory$ProviderProxy.invoke(ProviderFactory.java:165)
	at org.apache.maven.surefire.booter.ProviderFactory.invokeProvider(ProviderFactory.java:85)
	at org.apache.maven.surefire.booter.ForkedBooter.runSuitesInProcess(ForkedBooter.java:115)
	at org.apache.maven.surefire.booter.ForkedBooter.main(ForkedBooter.java:75)
</failure>
    <system-out>16:34:42.459 [main] DEBUG org.springframework.test.annotation.ProfileValueUtils - Retrieved @ProfileValueSourceConfiguration [null] for test class [cc.myhome.mybatis.Test2MybatisMapper]
16:34:42.460 [main] DEBUG org.springframework.test.annotation.ProfileValueUtils - Retrieved ProfileValueSource type [class org.springframework.test.annotation.SystemProfileValueSource] for class [cc.myhome.mybatis.Test2MybatisMapper]
16:34:42.460 [main] DEBUG org.springframework.test.context.support.DependencyInjectionTestExecutionListener - Performing dependency injection for test context [[DefaultTestContext@505fc5a4 testClass = Test2MybatisMapper, testInstance = cc.myhome.mybatis.Test2MybatisMapper@235f4c10, testMethod = [null], testException = [null], mergedContextConfiguration = [MergedContextConfiguration@5fbdfdcf testClass = Test2MybatisMapper, locations = &apos;{classpath:Spring-Mybatis.xml}&apos;, classes = &apos;{}&apos;, contextInitializerClasses = &apos;[]&apos;, activeProfiles = &apos;{}&apos;, propertySourceLocations = &apos;{}&apos;, propertySourceProperties = &apos;{}&apos;, contextCustomizers = set[[empty]], contextLoader = &apos;org.springframework.test.context.support.DelegatingSmartContextLoader&apos;, parent = [null]], attributes = map[[empty]]]].
16:34:42.461 [main] DEBUG org.springframework.test.context.cache.DefaultCacheAwareContextLoaderDelegate - Retrieved ApplicationContext from cache with key [[MergedContextConfiguration@5fbdfdcf testClass = Test2MybatisMapper, locations = &apos;{classpath:Spring-Mybatis.xml}&apos;, classes = &apos;{}&apos;, contextInitializerClasses = &apos;[]&apos;, activeProfiles = &apos;{}&apos;, propertySourceLocations = &apos;{}&apos;, propertySourceProperties = &apos;{}&apos;, contextCustomizers = set[[empty]], contextLoader = &apos;org.springframework.test.context.support.DelegatingSmartContextLoader&apos;, parent = [null]]]
16:34:42.461 [main] DEBUG org.springframework.test.context.cache - Spring test ApplicationContext cache statistics: [DefaultContextCache@58359ebd size = 1, maxSize = 32, parentContextCount = 0, hitCount = 2, missCount = 1]
16:34:42.462 [main] DEBUG org.springframework.beans.factory.annotation.InjectionMetadata - Processing injected element of bean &apos;cc.myhome.mybatis.Test2MybatisMapper&apos;: AutowiredFieldElement for cc.myhome.mybatis.mapper.Network1Mapper cc.myhome.mybatis.Test2MybatisMapper.mapper
16:34:42.462 [main] DEBUG org.springframework.beans.factory.support.DefaultListableBeanFactory - Returning cached instance of singleton bean &apos;network1Mapper&apos;
16:34:42.463 [main] DEBUG org.springframework.test.context.support.AbstractDirtiesContextTestExecutionListener - Before test method: context [DefaultTestContext@505fc5a4 testClass = Test2MybatisMapper, testInstance = cc.myhome.mybatis.Test2MybatisMapper@235f4c10, testMethod = testDeleteById@Test2MybatisMapper, testException = [null], mergedContextConfiguration = [MergedContextConfiguration@5fbdfdcf testClass = Test2MybatisMapper, locations = &apos;{classpath:Spring-Mybatis.xml}&apos;, classes = &apos;{}&apos;, contextInitializerClasses = &apos;[]&apos;, activeProfiles = &apos;{}&apos;, propertySourceLocations = &apos;{}&apos;, propertySourceProperties = &apos;{}&apos;, contextCustomizers = set[[empty]], contextLoader = &apos;org.springframework.test.context.support.DelegatingSmartContextLoader&apos;, parent = [null]], attributes = map[[empty]]], class annotated with @DirtiesContext [false] with mode [null], method annotated with @DirtiesContext [false] with mode [null].
16:34:42.464 [main] DEBUG org.mybatis.spring.SqlSessionUtils - Creating a new SqlSession
16:34:42.464 [main] DEBUG org.mybatis.spring.SqlSessionUtils - SqlSession [org.apache.ibatis.session.defaults.DefaultSqlSession@743cb8e0] was not registered for synchronization because synchronization is not active
16:34:42.465 [main] DEBUG org.springframework.jdbc.datasource.DataSourceUtils - Fetching JDBC Connection from DataSource
16:34:42.465 [main] DEBUG org.mybatis.spring.transaction.SpringManagedTransaction - JDBC Connection [com.mchange.v2.c3p0.impl.NewProxyConnection@2c1b9e4b [wrapping: com.mysql.cj.jdbc.ConnectionImpl@29e6eb25]] will not be managed by Spring
16:34:42.466 [main] DEBUG cc.myhome.mybatis.mapper.Network1Mapper.selectByIdName - ==&gt;  Preparing: select * from network1 WHERE Line_id = ? 
16:34:42.466 [main] DEBUG cc.myhome.mybatis.mapper.Network1Mapper.selectByIdName - ==&gt; Parameters: 6(Long)
16:34:42.469 [main] DEBUG cc.myhome.mybatis.mapper.Network1Mapper.selectByIdName - &lt;==      Total: 0
16:34:42.470 [main] DEBUG org.mybatis.spring.SqlSessionUtils - Closing non transactional SqlSession [org.apache.ibatis.session.defaults.DefaultSqlSession@743cb8e0]
16:34:42.470 [main] DEBUG org.springframework.jdbc.datasource.DataSourceUtils - Returning JDBC Connection to DataSource
16:34:42.471 [main] DEBUG org.springframework.test.context.support.AbstractDirtiesContextTestExecutionListener - After test method: context [DefaultTestContext@505fc5a4 testClass = Test2MybatisMapper, testInstance = cc.myhome.mybatis.Test2MybatisMapper@235f4c10, testMethod = testDeleteById@Test2MybatisMapper, testException = java.lang.AssertionError, mergedContextConfiguration = [MergedContextConfiguration@5fbdfdcf testClass = Test2MybatisMapper, locations = &apos;{classpath:Spring-Mybatis.xml}&apos;, classes = &apos;{}&apos;, contextInitializerClasses = &apos;[]&apos;, activeProfiles = &apos;{}&apos;, propertySourceLocations = &apos;{}&apos;, propertySourceProperties = &apos;{}&apos;, contextCustomizers = set[[empty]], contextLoader = &apos;org.springframework.test.context.support.DelegatingSmartContextLoader&apos;, parent = [null]], attributes = map[[empty]]], class annotated with @DirtiesContext [false] with mode [null], method annotated with @DirtiesContext [false] with mode [null].
</system-out>
  </testcase>
  <testcase classname="cc.myhome.mybatis.Test2MybatisMapper" name="testInsert" time="0.015"/>
  <testcase classname="cc.myhome.mybatis.Test2MybatisMapper" name="testUpdate" time="0.008">
    <error type="java.lang.NullPointerException">java.lang.NullPointerException
	at cc.myhome.mybatis.Test2MybatisMapper.testUpdate(Test2MybatisMapper.java:121)
	at sun.reflect.NativeMethodAccessorImpl.invoke0(Native Method)
	at sun.reflect.NativeMethodAccessorImpl.invoke(NativeMethodAccessorImpl.java:62)
	at sun.reflect.DelegatingMethodAccessorImpl.invoke(DelegatingMethodAccessorImpl.java:43)
	at java.lang.reflect.Method.invoke(Method.java:498)
	at org.junit.runners.model.FrameworkMethod$1.runReflectiveCall(FrameworkMethod.java:50)
	at org.junit.internal.runners.model.ReflectiveCallable.run(ReflectiveCallable.java:12)
	at org.junit.runners.model.FrameworkMethod.invokeExplosively(FrameworkMethod.java:47)
	at org.junit.internal.runners.statements.InvokeMethod.evaluate(InvokeMethod.java:17)
	at org.springframework.test.context.junit4.statements.RunBeforeTestExecutionCallbacks.evaluate(RunBeforeTestExecutionCallbacks.java:73)
	at org.springframework.test.context.junit4.statements.RunAfterTestExecutionCallbacks.evaluate(RunAfterTestExecutionCallbacks.java:83)
	at org.springframework.test.context.junit4.statements.RunBeforeTestMethodCallbacks.evaluate(RunBeforeTestMethodCallbacks.java:75)
	at org.springframework.test.context.junit4.statements.RunAfterTestMethodCallbacks.evaluate(RunAfterTestMethodCallbacks.java:86)
	at org.springframework.test.context.junit4.statements.SpringRepeat.evaluate(SpringRepeat.java:84)
	at org.junit.runners.ParentRunner.runLeaf(ParentRunner.java:325)
	at org.springframework.test.context.junit4.SpringJUnit4ClassRunner.runChild(SpringJUnit4ClassRunner.java:251)
	at org.springframework.test.context.junit4.SpringJUnit4ClassRunner.runChild(SpringJUnit4ClassRunner.java:97)
	at org.junit.runners.ParentRunner$3.run(ParentRunner.java:290)
	at org.junit.runners.ParentRunner$1.schedule(ParentRunner.java:71)
	at org.junit.runners.ParentRunner.runChildren(ParentRunner.java:288)
	at org.junit.runners.ParentRunner.access$000(ParentRunner.java:58)
	at org.junit.runners.ParentRunner$2.evaluate(ParentRunner.java:268)
	at org.springframework.test.context.junit4.statements.RunBeforeTestClassCallbacks.evaluate(RunBeforeTestClassCallbacks.java:61)
	at org.springframework.test.context.junit4.statements.RunAfterTestClassCallbacks.evaluate(RunAfterTestClassCallbacks.java:70)
	at org.junit.runners.ParentRunner.run(ParentRunner.java:363)
	at org.springframework.test.context.junit4.SpringJUnit4ClassRunner.run(SpringJUnit4ClassRunner.java:190)
	at org.apache.maven.surefire.junit4.JUnit4Provider.execute(JUnit4Provider.java:252)
	at org.apache.maven.surefire.junit4.JUnit4Provider.executeTestSet(JUnit4Provider.java:141)
	at org.apache.maven.surefire.junit4.JUnit4Provider.invoke(JUnit4Provider.java:112)
	at sun.reflect.NativeMethodAccessorImpl.invoke0(Native Method)
	at sun.reflect.NativeMethodAccessorImpl.invoke(NativeMethodAccessorImpl.java:62)
	at sun.reflect.DelegatingMethodAccessorImpl.invoke(DelegatingMethodAccessorImpl.java:43)
	at java.lang.reflect.Method.invoke(Method.java:498)
	at org.apache.maven.surefire.util.ReflectionUtils.invokeMethodWithArray(ReflectionUtils.java:189)
	at org.apache.maven.surefire.booter.ProviderFactory$ProviderProxy.invoke(ProviderFactory.java:165)
	at org.apache.maven.surefire.booter.ProviderFactory.invokeProvider(ProviderFactory.java:85)
	at org.apache.maven.surefire.booter.ForkedBooter.runSuitesInProcess(ForkedBooter.java:115)
	at org.apache.maven.surefire.booter.ForkedBooter.main(ForkedBooter.java:75)
</error>
    <system-out>16:34:42.491 [main] DEBUG org.springframework.test.annotation.ProfileValueUtils - Retrieved @ProfileValueSourceConfiguration [null] for test class [cc.myhome.mybatis.Test2MybatisMapper]
16:34:42.491 [main] DEBUG org.springframework.test.annotation.ProfileValueUtils - Retrieved ProfileValueSource type [class org.springframework.test.annotation.SystemProfileValueSource] for class [cc.myhome.mybatis.Test2MybatisMapper]
16:34:42.492 [main] DEBUG org.springframework.test.context.support.DependencyInjectionTestExecutionListener - Performing dependency injection for test context [[DefaultTestContext@505fc5a4 testClass = Test2MybatisMapper, testInstance = cc.myhome.mybatis.Test2MybatisMapper@7e809b79, testMethod = [null], testException = [null], mergedContextConfiguration = [MergedContextConfiguration@5fbdfdcf testClass = Test2MybatisMapper, locations = &apos;{classpath:Spring-Mybatis.xml}&apos;, classes = &apos;{}&apos;, contextInitializerClasses = &apos;[]&apos;, activeProfiles = &apos;{}&apos;, propertySourceLocations = &apos;{}&apos;, propertySourceProperties = &apos;{}&apos;, contextCustomizers = set[[empty]], contextLoader = &apos;org.springframework.test.context.support.DelegatingSmartContextLoader&apos;, parent = [null]], attributes = map[[empty]]]].
16:34:42.492 [main] DEBUG org.springframework.test.context.cache.DefaultCacheAwareContextLoaderDelegate - Retrieved ApplicationContext from cache with key [[MergedContextConfiguration@5fbdfdcf testClass = Test2MybatisMapper, locations = &apos;{classpath:Spring-Mybatis.xml}&apos;, classes = &apos;{}&apos;, contextInitializerClasses = &apos;[]&apos;, activeProfiles = &apos;{}&apos;, propertySourceLocations = &apos;{}&apos;, propertySourceProperties = &apos;{}&apos;, contextCustomizers = set[[empty]], contextLoader = &apos;org.springframework.test.context.support.DelegatingSmartContextLoader&apos;, parent = [null]]]
16:34:42.492 [main] DEBUG org.springframework.test.context.cache - Spring test ApplicationContext cache statistics: [DefaultContextCache@58359ebd size = 1, maxSize = 32, parentContextCount = 0, hitCount = 4, missCount = 1]
16:34:42.492 [main] DEBUG org.springframework.beans.factory.annotation.InjectionMetadata - Processing injected element of bean &apos;cc.myhome.mybatis.Test2MybatisMapper&apos;: AutowiredFieldElement for cc.myhome.mybatis.mapper.Network1Mapper cc.myhome.mybatis.Test2MybatisMapper.mapper
16:34:42.493 [main] DEBUG org.springframework.beans.factory.support.DefaultListableBeanFactory - Returning cached instance of singleton bean &apos;network1Mapper&apos;
16:34:42.493 [main] DEBUG org.springframework.test.context.support.AbstractDirtiesContextTestExecutionListener - Before test method: context [DefaultTestContext@505fc5a4 testClass = Test2MybatisMapper, testInstance = cc.myhome.mybatis.Test2MybatisMapper@7e809b79, testMethod = testUpdate@Test2MybatisMapper, testException = [null], mergedContextConfiguration = [MergedContextConfiguration@5fbdfdcf testClass = Test2MybatisMapper, locations = &apos;{classpath:Spring-Mybatis.xml}&apos;, classes = &apos;{}&apos;, contextInitializerClasses = &apos;[]&apos;, activeProfiles = &apos;{}&apos;, propertySourceLocations = &apos;{}&apos;, propertySourceProperties = &apos;{}&apos;, contextCustomizers = set[[empty]], contextLoader = &apos;org.springframework.test.context.support.DelegatingSmartContextLoader&apos;, parent = [null]], attributes = map[[empty]]], class annotated with @DirtiesContext [false] with mode [null], method annotated with @DirtiesContext [false] with mode [null].
16:34:42.494 [main] DEBUG org.mybatis.spring.SqlSessionUtils - Creating a new SqlSession
16:34:42.494 [main] DEBUG org.mybatis.spring.SqlSessionUtils - SqlSession [org.apache.ibatis.session.defaults.DefaultSqlSession@5cc126dc] was not registered for synchronization because synchronization is not active
16:34:42.495 [main] DEBUG org.springframework.jdbc.datasource.DataSourceUtils - Fetching JDBC Connection from DataSource
16:34:42.495 [main] DEBUG org.mybatis.spring.transaction.SpringManagedTransaction - JDBC Connection [com.mchange.v2.c3p0.impl.NewProxyConnection@72bd06ca [wrapping: com.mysql.cj.jdbc.ConnectionImpl@29e6eb25]] will not be managed by Spring
16:34:42.495 [main] DEBUG cc.myhome.mybatis.mapper.Network1Mapper.selectByIdName - ==&gt;  Preparing: select * from network1 WHERE Line_id = ? 
16:34:42.496 [main] DEBUG cc.myhome.mybatis.mapper.Network1Mapper.selectByIdName - ==&gt; Parameters: 6(Long)
16:34:42.499 [main] DEBUG cc.myhome.mybatis.mapper.Network1Mapper.selectByIdName - &lt;==      Total: 0
16:34:42.499 [main] DEBUG org.mybatis.spring.SqlSessionUtils - Closing non transactional SqlSession [org.apache.ibatis.session.defaults.DefaultSqlSession@5cc126dc]
16:34:42.500 [main] DEBUG org.springframework.jdbc.datasource.DataSourceUtils - Returning JDBC Connection to DataSource
16:34:42.501 [main] DEBUG org.springframework.test.context.support.AbstractDirtiesContextTestExecutionListener - After test method: context [DefaultTestContext@505fc5a4 testClass = Test2MybatisMapper, testInstance = cc.myhome.mybatis.Test2MybatisMapper@7e809b79, testMethod = testUpdate@Test2MybatisMapper, testException = java.lang.NullPointerException, mergedContextConfiguration = [MergedContextConfiguration@5fbdfdcf testClass = Test2MybatisMapper, locations = &apos;{classpath:Spring-Mybatis.xml}&apos;, classes = &apos;{}&apos;, contextInitializerClasses = &apos;[]&apos;, activeProfiles = &apos;{}&apos;, propertySourceLocations = &apos;{}&apos;, propertySourceProperties = &apos;{}&apos;, contextCustomizers = set[[empty]], contextLoader = &apos;org.springframework.test.context.support.DelegatingSmartContextLoader&apos;, parent = [null]], attributes = map[[empty]]], class annotated with @DirtiesContext [false] with mode [null], method annotated with @DirtiesContext [false] with mode [null].
</system-out>
  </testcase>
</testsuite>