<?xml version="1.0" encoding="UTF-8" ?>
<testsuite tests="7" failures="0" name="com.task1.MyBatis.RunTaskTest" time="2.972" errors="0" skipped="0">
  <properties>
[...]
</properties>
  <testcase classname="com.task1.MyBatis.RunTaskTest" name="lookupId" time="0.493"/>
  <testcase classname="com.task1.MyBatis.RunTaskTest" name="selectAll" time="0.062"/>
  <testcase classname="com.task1.MyBatis.RunTaskTest" name="delete" time="0.012"/>
  <testcase classname="com.task1.MyBatis.RunTaskTest" name="insert" time="0.526"/>
  <testcase classname="com.task1.MyBatis.RunTaskTest" name="update" time="0.017"/>
  <testcase classname="com.task1.MyBatis.RunTaskTest" name="lookupNum" time="0.011"/>
  <testcase classname="com.task1.MyBatis.RunTaskTest" name="lookupName" time="0.015"/>
</testsuite>